[17-Jul-2024 05:42:00 UTC] PHP Deprecated:  json_decode(): Passing null to parameter #1 ($json) of type string is deprecated in /home/buildit/appai.dev/app/models/User.php on line 74
[17-Jul-2024 05:42:39 UTC] PHP Deprecated:  json_decode(): Passing null to parameter #1 ($json) of type string is deprecated in /home/buildit/appai.dev/app/models/User.php on line 74
[17-Jul-2024 06:07:30 UTC] PHP Deprecated:  json_decode(): Passing null to parameter #1 ($json) of type string is deprecated in /home/buildit/appai.dev/app/models/User.php on line 74
[17-Jul-2024 06:16:32 UTC] PHP Deprecated:  json_decode(): Passing null to parameter #1 ($json) of type string is deprecated in /home/buildit/appai.dev/app/models/User.php on line 74
[17-Jul-2024 06:32:36 UTC] PHP Deprecated:  json_decode(): Passing null to parameter #1 ($json) of type string is deprecated in /home/buildit/appai.dev/app/models/User.php on line 74
[17-Jul-2024 07:10:25 UTC] PHP Deprecated:  json_decode(): Passing null to parameter #1 ($json) of type string is deprecated in /home/buildit/appai.dev/app/models/User.php on line 74
[17-Jul-2024 07:17:07 UTC] PHP Fatal error:  Uncaught ArgumentCountError: 2 arguments are required, 1 given in /home/buildit/appai.dev/themes/altum/views/index/index.php:133
Stack trace:
#0 /home/buildit/appai.dev/themes/altum/views/index/index.php(133): sprintf('<span class='te...')
#1 /home/buildit/appai.dev/app/core/View.php(35): require('/home/buildit/a...')
#2 /home/buildit/appai.dev/app/controllers/Index.php(138): Altum\View->run(Object(stdClass))
#3 [internal function]: Altum\Controllers\Index->index()
#4 /home/buildit/appai.dev/app/core/App.php(211): call_user_func_array(Array, Array)
#5 /home/buildit/appai.dev/index.php(20): Altum\App->__construct()
#6 {main}
  thrown in /home/buildit/appai.dev/themes/altum/views/index/index.php on line 133
[17-Jul-2024 07:17:14 UTC] PHP Fatal error:  Uncaught ArgumentCountError: 2 arguments are required, 1 given in /home/buildit/appai.dev/themes/altum/views/index/index.php:133
Stack trace:
#0 /home/buildit/appai.dev/themes/altum/views/index/index.php(133): sprintf('<span class='te...')
#1 /home/buildit/appai.dev/app/core/View.php(35): require('/home/buildit/a...')
#2 /home/buildit/appai.dev/app/controllers/Index.php(138): Altum\View->run(Object(stdClass))
#3 [internal function]: Altum\Controllers\Index->index()
#4 /home/buildit/appai.dev/app/core/App.php(211): call_user_func_array(Array, Array)
#5 /home/buildit/appai.dev/index.php(20): Altum\App->__construct()
#6 {main}
  thrown in /home/buildit/appai.dev/themes/altum/views/index/index.php on line 133
[17-Jul-2024 07:24:42 UTC] PHP Deprecated:  json_decode(): Passing null to parameter #1 ($json) of type string is deprecated in /home/buildit/appai.dev/app/models/User.php on line 74
[17-Jul-2024 08:41:28 UTC] PHP Deprecated:  json_decode(): Passing null to parameter #1 ($json) of type string is deprecated in /home/buildit/appai.dev/app/models/User.php on line 74
[17-Jul-2024 08:53:03 UTC] PHP Fatal error:  Cannot use isset() on the result of an expression (you can use "null !== expression" instead) in /home/buildit/appai.dev/themes/altum/views/index/index.php on line 393
[17-Jul-2024 08:53:06 UTC] PHP Fatal error:  Cannot use isset() on the result of an expression (you can use "null !== expression" instead) in /home/buildit/appai.dev/themes/altum/views/index/index.php on line 393
[17-Jul-2024 08:53:09 UTC] PHP Fatal error:  Cannot use isset() on the result of an expression (you can use "null !== expression" instead) in /home/buildit/appai.dev/themes/altum/views/index/index.php on line 393
[17-Jul-2024 08:53:10 UTC] PHP Fatal error:  Cannot use isset() on the result of an expression (you can use "null !== expression" instead) in /home/buildit/appai.dev/themes/altum/views/index/index.php on line 393
[17-Jul-2024 08:53:11 UTC] PHP Fatal error:  Cannot use isset() on the result of an expression (you can use "null !== expression" instead) in /home/buildit/appai.dev/themes/altum/views/index/index.php on line 393
[17-Jul-2024 09:13:33 UTC] PHP Deprecated:  json_decode(): Passing null to parameter #1 ($json) of type string is deprecated in /home/buildit/appai.dev/app/models/User.php on line 74
[17-Jul-2024 09:53:09 UTC] PHP Deprecated:  json_decode(): Passing null to parameter #1 ($json) of type string is deprecated in /home/buildit/appai.dev/app/models/User.php on line 74
[17-Jul-2024 10:42:40 UTC] PHP Deprecated:  json_decode(): Passing null to parameter #1 ($json) of type string is deprecated in /home/buildit/appai.dev/app/models/User.php on line 74
[17-Jul-2024 10:58:14 UTC] PHP Deprecated:  json_decode(): Passing null to parameter #1 ($json) of type string is deprecated in /home/buildit/appai.dev/app/models/User.php on line 74
[17-Jul-2024 19:08:52 UTC] PHP Warning:  Undefined property: stdClass::$romanian in /home/buildit/appai.dev/themes/altum/views/index/index.php on line 117
[17-Jul-2024 19:08:52 UTC] PHP Warning:  Attempt to read property "name" on null in /home/buildit/appai.dev/themes/altum/views/index/index.php on line 117
[17-Jul-2024 19:08:52 UTC] PHP Warning:  Undefined property: stdClass::$romanian in /home/buildit/appai.dev/themes/altum/views/index/index.php on line 119
[17-Jul-2024 19:08:52 UTC] PHP Warning:  Attempt to read property "description" on null in /home/buildit/appai.dev/themes/altum/views/index/index.php on line 119
[17-Jul-2024 19:08:52 UTC] PHP Warning:  Undefined property: stdClass::$romanian in /home/buildit/appai.dev/themes/altum/views/index/index.php on line 117
[17-Jul-2024 19:08:52 UTC] PHP Warning:  Attempt to read property "name" on null in /home/buildit/appai.dev/themes/altum/views/index/index.php on line 117
[17-Jul-2024 19:08:52 UTC] PHP Warning:  Undefined property: stdClass::$romanian in /home/buildit/appai.dev/themes/altum/views/index/index.php on line 119
[17-Jul-2024 19:08:52 UTC] PHP Warning:  Attempt to read property "description" on null in /home/buildit/appai.dev/themes/altum/views/index/index.php on line 119
[17-Jul-2024 19:08:52 UTC] PHP Warning:  Undefined property: stdClass::$romanian in /home/buildit/appai.dev/themes/altum/views/index/index.php on line 117
[17-Jul-2024 19:08:52 UTC] PHP Warning:  Attempt to read property "name" on null in /home/buildit/appai.dev/themes/altum/views/index/index.php on line 117
[17-Jul-2024 19:08:52 UTC] PHP Warning:  Undefined property: stdClass::$romanian in /home/buildit/appai.dev/themes/altum/views/index/index.php on line 119
[17-Jul-2024 19:08:52 UTC] PHP Warning:  Attempt to read property "description" on null in /home/buildit/appai.dev/themes/altum/views/index/index.php on line 119
[17-Jul-2024 19:08:52 UTC] PHP Warning:  Undefined property: stdClass::$romanian in /home/buildit/appai.dev/themes/altum/views/index/index.php on line 117
[17-Jul-2024 19:08:52 UTC] PHP Warning:  Attempt to read property "name" on null in /home/buildit/appai.dev/themes/altum/views/index/index.php on line 117
[17-Jul-2024 19:08:52 UTC] PHP Warning:  Undefined property: stdClass::$romanian in /home/buildit/appai.dev/themes/altum/views/index/index.php on line 119
[17-Jul-2024 19:08:52 UTC] PHP Warning:  Attempt to read property "description" on null in /home/buildit/appai.dev/themes/altum/views/index/index.php on line 119
[17-Jul-2024 19:08:52 UTC] PHP Warning:  Undefined property: stdClass::$romanian in /home/buildit/appai.dev/themes/altum/views/index/index.php on line 117
[17-Jul-2024 19:08:52 UTC] PHP Warning:  Attempt to read property "name" on null in /home/buildit/appai.dev/themes/altum/views/index/index.php on line 117
[17-Jul-2024 19:08:52 UTC] PHP Warning:  Undefined property: stdClass::$romanian in /home/buildit/appai.dev/themes/altum/views/index/index.php on line 119
[17-Jul-2024 19:08:52 UTC] PHP Warning:  Attempt to read property "description" on null in /home/buildit/appai.dev/themes/altum/views/index/index.php on line 119
[17-Jul-2024 19:08:52 UTC] PHP Warning:  Undefined property: stdClass::$romanian in /home/buildit/appai.dev/themes/altum/views/index/index.php on line 117
[17-Jul-2024 19:08:52 UTC] PHP Warning:  Attempt to read property "name" on null in /home/buildit/appai.dev/themes/altum/views/index/index.php on line 117
[17-Jul-2024 19:08:52 UTC] PHP Warning:  Undefined property: stdClass::$romanian in /home/buildit/appai.dev/themes/altum/views/index/index.php on line 119
[17-Jul-2024 19:08:52 UTC] PHP Warning:  Attempt to read property "description" on null in /home/buildit/appai.dev/themes/altum/views/index/index.php on line 119
[17-Jul-2024 19:08:52 UTC] PHP Warning:  Undefined property: stdClass::$romanian in /home/buildit/appai.dev/themes/altum/views/index/index.php on line 117
[17-Jul-2024 19:08:52 UTC] PHP Warning:  Attempt to read property "name" on null in /home/buildit/appai.dev/themes/altum/views/index/index.php on line 117
[17-Jul-2024 19:08:52 UTC] PHP Warning:  Undefined property: stdClass::$romanian in /home/buildit/appai.dev/themes/altum/views/index/index.php on line 119
[17-Jul-2024 19:08:52 UTC] PHP Warning:  Attempt to read property "description" on null in /home/buildit/appai.dev/themes/altum/views/index/index.php on line 119
[17-Jul-2024 19:08:52 UTC] PHP Warning:  Undefined property: stdClass::$romanian in /home/buildit/appai.dev/themes/altum/views/index/index.php on line 117
[17-Jul-2024 19:08:52 UTC] PHP Warning:  Attempt to read property "name" on null in /home/buildit/appai.dev/themes/altum/views/index/index.php on line 117
[17-Jul-2024 19:08:52 UTC] PHP Warning:  Undefined property: stdClass::$romanian in /home/buildit/appai.dev/themes/altum/views/index/index.php on line 119
[17-Jul-2024 19:08:52 UTC] PHP Warning:  Attempt to read property "description" on null in /home/buildit/appai.dev/themes/altum/views/index/index.php on line 119
[17-Jul-2024 19:08:52 UTC] PHP Warning:  Undefined property: stdClass::$romanian in /home/buildit/appai.dev/themes/altum/views/index/index.php on line 117
[17-Jul-2024 19:08:52 UTC] PHP Warning:  Attempt to read property "name" on null in /home/buildit/appai.dev/themes/altum/views/index/index.php on line 117
[17-Jul-2024 19:08:52 UTC] PHP Warning:  Undefined property: stdClass::$romanian in /home/buildit/appai.dev/themes/altum/views/index/index.php on line 119
[17-Jul-2024 19:08:52 UTC] PHP Warning:  Attempt to read property "description" on null in /home/buildit/appai.dev/themes/altum/views/index/index.php on line 119
[17-Jul-2024 19:08:52 UTC] PHP Warning:  Undefined property: stdClass::$romanian in /home/buildit/appai.dev/themes/altum/views/index/index.php on line 117
[17-Jul-2024 19:08:52 UTC] PHP Warning:  Attempt to read property "name" on null in /home/buildit/appai.dev/themes/altum/views/index/index.php on line 117
[17-Jul-2024 19:08:52 UTC] PHP Warning:  Undefined property: stdClass::$romanian in /home/buildit/appai.dev/themes/altum/views/index/index.php on line 119
[17-Jul-2024 19:08:52 UTC] PHP Warning:  Attempt to read property "description" on null in /home/buildit/appai.dev/themes/altum/views/index/index.php on line 119
[17-Jul-2024 19:08:52 UTC] PHP Warning:  Undefined property: stdClass::$romanian in /home/buildit/appai.dev/themes/altum/views/index/index.php on line 117
[17-Jul-2024 19:08:52 UTC] PHP Warning:  Attempt to read property "name" on null in /home/buildit/appai.dev/themes/altum/views/index/index.php on line 117
[17-Jul-2024 19:08:52 UTC] PHP Warning:  Undefined property: stdClass::$romanian in /home/buildit/appai.dev/themes/altum/views/index/index.php on line 119
[17-Jul-2024 19:08:52 UTC] PHP Warning:  Attempt to read property "description" on null in /home/buildit/appai.dev/themes/altum/views/index/index.php on line 119
[17-Jul-2024 19:08:52 UTC] PHP Warning:  Undefined property: stdClass::$romanian in /home/buildit/appai.dev/themes/altum/views/index/index.php on line 117
[17-Jul-2024 19:08:52 UTC] PHP Warning:  Attempt to read property "name" on null in /home/buildit/appai.dev/themes/altum/views/index/index.php on line 117
[17-Jul-2024 19:08:52 UTC] PHP Warning:  Undefined property: stdClass::$romanian in /home/buildit/appai.dev/themes/altum/views/index/index.php on line 119
[17-Jul-2024 19:08:52 UTC] PHP Warning:  Attempt to read property "description" on null in /home/buildit/appai.dev/themes/altum/views/index/index.php on line 119
[17-Jul-2024 19:08:52 UTC] PHP Warning:  Undefined property: stdClass::$romanian in /home/buildit/appai.dev/themes/altum/views/index/index.php on line 117
[17-Jul-2024 19:08:52 UTC] PHP Warning:  Attempt to read property "name" on null in /home/buildit/appai.dev/themes/altum/views/index/index.php on line 117
[17-Jul-2024 19:08:52 UTC] PHP Warning:  Undefined property: stdClass::$romanian in /home/buildit/appai.dev/themes/altum/views/index/index.php on line 119
[17-Jul-2024 19:08:52 UTC] PHP Warning:  Attempt to read property "description" on null in /home/buildit/appai.dev/themes/altum/views/index/index.php on line 119
[17-Jul-2024 19:08:52 UTC] PHP Warning:  Undefined property: stdClass::$romanian in /home/buildit/appai.dev/themes/altum/views/index/index.php on line 117
[17-Jul-2024 19:08:52 UTC] PHP Warning:  Attempt to read property "name" on null in /home/buildit/appai.dev/themes/altum/views/index/index.php on line 117
[17-Jul-2024 19:08:52 UTC] PHP Warning:  Undefined property: stdClass::$romanian in /home/buildit/appai.dev/themes/altum/views/index/index.php on line 119
[17-Jul-2024 19:08:52 UTC] PHP Warning:  Attempt to read property "description" on null in /home/buildit/appai.dev/themes/altum/views/index/index.php on line 119
[17-Jul-2024 19:08:52 UTC] PHP Warning:  Undefined property: stdClass::$romanian in /home/buildit/appai.dev/themes/altum/views/index/index.php on line 117
[17-Jul-2024 19:08:52 UTC] PHP Warning:  Attempt to read property "name" on null in /home/buildit/appai.dev/themes/altum/views/index/index.php on line 117
[17-Jul-2024 19:08:52 UTC] PHP Warning:  Undefined property: stdClass::$romanian in /home/buildit/appai.dev/themes/altum/views/index/index.php on line 119
[17-Jul-2024 19:08:52 UTC] PHP Warning:  Attempt to read property "description" on null in /home/buildit/appai.dev/themes/altum/views/index/index.php on line 119
[17-Jul-2024 19:08:52 UTC] PHP Warning:  Undefined property: stdClass::$romanian in /home/buildit/appai.dev/themes/altum/views/index/index.php on line 117
[17-Jul-2024 19:08:52 UTC] PHP Warning:  Attempt to read property "name" on null in /home/buildit/appai.dev/themes/altum/views/index/index.php on line 117
[17-Jul-2024 19:08:52 UTC] PHP Warning:  Undefined property: stdClass::$romanian in /home/buildit/appai.dev/themes/altum/views/index/index.php on line 119
[17-Jul-2024 19:08:52 UTC] PHP Warning:  Attempt to read property "description" on null in /home/buildit/appai.dev/themes/altum/views/index/index.php on line 119
[17-Jul-2024 19:08:52 UTC] PHP Warning:  Undefined property: stdClass::$romanian in /home/buildit/appai.dev/themes/altum/views/index/index.php on line 117
[17-Jul-2024 19:08:52 UTC] PHP Warning:  Attempt to read property "name" on null in /home/buildit/appai.dev/themes/altum/views/index/index.php on line 117
[17-Jul-2024 19:08:52 UTC] PHP Warning:  Undefined property: stdClass::$romanian in /home/buildit/appai.dev/themes/altum/views/index/index.php on line 119
[17-Jul-2024 19:08:52 UTC] PHP Warning:  Attempt to read property "description" on null in /home/buildit/appai.dev/themes/altum/views/index/index.php on line 119
[17-Jul-2024 19:08:52 UTC] PHP Warning:  Undefined property: stdClass::$romanian in /home/buildit/appai.dev/themes/altum/views/index/index.php on line 117
[17-Jul-2024 19:08:52 UTC] PHP Warning:  Attempt to read property "name" on null in /home/buildit/appai.dev/themes/altum/views/index/index.php on line 117
[17-Jul-2024 19:08:52 UTC] PHP Warning:  Undefined property: stdClass::$romanian in /home/buildit/appai.dev/themes/altum/views/index/index.php on line 119
[17-Jul-2024 19:08:52 UTC] PHP Warning:  Attempt to read property "description" on null in /home/buildit/appai.dev/themes/altum/views/index/index.php on line 119
[17-Jul-2024 19:08:52 UTC] PHP Warning:  Undefined property: stdClass::$romanian in /home/buildit/appai.dev/themes/altum/views/index/index.php on line 117
[17-Jul-2024 19:08:52 UTC] PHP Warning:  Attempt to read property "name" on null in /home/buildit/appai.dev/themes/altum/views/index/index.php on line 117
[17-Jul-2024 19:08:52 UTC] PHP Warning:  Undefined property: stdClass::$romanian in /home/buildit/appai.dev/themes/altum/views/index/index.php on line 119
[17-Jul-2024 19:08:52 UTC] PHP Warning:  Attempt to read property "description" on null in /home/buildit/appai.dev/themes/altum/views/index/index.php on line 119
[17-Jul-2024 19:08:52 UTC] PHP Warning:  Undefined property: stdClass::$romanian in /home/buildit/appai.dev/themes/altum/views/index/index.php on line 117
[17-Jul-2024 19:08:52 UTC] PHP Warning:  Attempt to read property "name" on null in /home/buildit/appai.dev/themes/altum/views/index/index.php on line 117
[17-Jul-2024 19:08:52 UTC] PHP Warning:  Undefined property: stdClass::$romanian in /home/buildit/appai.dev/themes/altum/views/index/index.php on line 119
[17-Jul-2024 19:08:52 UTC] PHP Warning:  Attempt to read property "description" on null in /home/buildit/appai.dev/themes/altum/views/index/index.php on line 119
[17-Jul-2024 19:08:52 UTC] PHP Warning:  Undefined property: stdClass::$romanian in /home/buildit/appai.dev/themes/altum/views/index/index.php on line 117
[17-Jul-2024 19:08:52 UTC] PHP Warning:  Attempt to read property "name" on null in /home/buildit/appai.dev/themes/altum/views/index/index.php on line 117
[17-Jul-2024 19:08:52 UTC] PHP Warning:  Undefined property: stdClass::$romanian in /home/buildit/appai.dev/themes/altum/views/index/index.php on line 119
[17-Jul-2024 19:08:52 UTC] PHP Warning:  Attempt to read property "description" on null in /home/buildit/appai.dev/themes/altum/views/index/index.php on line 119
[17-Jul-2024 19:08:52 UTC] PHP Warning:  Undefined property: stdClass::$romanian in /home/buildit/appai.dev/themes/altum/views/index/index.php on line 117
[17-Jul-2024 19:08:52 UTC] PHP Warning:  Attempt to read property "name" on null in /home/buildit/appai.dev/themes/altum/views/index/index.php on line 117
[17-Jul-2024 19:08:52 UTC] PHP Warning:  Undefined property: stdClass::$romanian in /home/buildit/appai.dev/themes/altum/views/index/index.php on line 119
[17-Jul-2024 19:08:52 UTC] PHP Warning:  Attempt to read property "description" on null in /home/buildit/appai.dev/themes/altum/views/index/index.php on line 119
[17-Jul-2024 19:08:52 UTC] PHP Warning:  Undefined property: stdClass::$romanian in /home/buildit/appai.dev/themes/altum/views/index/index.php on line 117
[17-Jul-2024 19:08:52 UTC] PHP Warning:  Attempt to read property "name" on null in /home/buildit/appai.dev/themes/altum/views/index/index.php on line 117
[17-Jul-2024 19:08:52 UTC] PHP Warning:  Undefined property: stdClass::$romanian in /home/buildit/appai.dev/themes/altum/views/index/index.php on line 119
[17-Jul-2024 19:08:52 UTC] PHP Warning:  Attempt to read property "description" on null in /home/buildit/appai.dev/themes/altum/views/index/index.php on line 119
[17-Jul-2024 19:08:52 UTC] PHP Warning:  Undefined property: stdClass::$romanian in /home/buildit/appai.dev/themes/altum/views/index/index.php on line 117
[17-Jul-2024 19:08:52 UTC] PHP Warning:  Attempt to read property "name" on null in /home/buildit/appai.dev/themes/altum/views/index/index.php on line 117
[17-Jul-2024 19:08:52 UTC] PHP Warning:  Undefined property: stdClass::$romanian in /home/buildit/appai.dev/themes/altum/views/index/index.php on line 119
[17-Jul-2024 19:08:52 UTC] PHP Warning:  Attempt to read property "description" on null in /home/buildit/appai.dev/themes/altum/views/index/index.php on line 119
[17-Jul-2024 19:08:52 UTC] PHP Warning:  Undefined property: stdClass::$romanian in /home/buildit/appai.dev/themes/altum/views/index/index.php on line 117
[17-Jul-2024 19:08:52 UTC] PHP Warning:  Attempt to read property "name" on null in /home/buildit/appai.dev/themes/altum/views/index/index.php on line 117
[17-Jul-2024 19:08:52 UTC] PHP Warning:  Undefined property: stdClass::$romanian in /home/buildit/appai.dev/themes/altum/views/index/index.php on line 119
[17-Jul-2024 19:08:52 UTC] PHP Warning:  Attempt to read property "description" on null in /home/buildit/appai.dev/themes/altum/views/index/index.php on line 119
[17-Jul-2024 19:08:52 UTC] PHP Warning:  Undefined property: stdClass::$romanian in /home/buildit/appai.dev/themes/altum/views/index/index.php on line 117
[17-Jul-2024 19:08:52 UTC] PHP Warning:  Attempt to read property "name" on null in /home/buildit/appai.dev/themes/altum/views/index/index.php on line 117
[17-Jul-2024 19:08:52 UTC] PHP Warning:  Undefined property: stdClass::$romanian in /home/buildit/appai.dev/themes/altum/views/index/index.php on line 119
[17-Jul-2024 19:08:52 UTC] PHP Warning:  Attempt to read property "description" on null in /home/buildit/appai.dev/themes/altum/views/index/index.php on line 119
[17-Jul-2024 19:08:52 UTC] PHP Warning:  Undefined property: stdClass::$romanian in /home/buildit/appai.dev/themes/altum/views/index/index.php on line 117
[17-Jul-2024 19:08:52 UTC] PHP Warning:  Attempt to read property "name" on null in /home/buildit/appai.dev/themes/altum/views/index/index.php on line 117
[17-Jul-2024 19:08:52 UTC] PHP Warning:  Undefined property: stdClass::$romanian in /home/buildit/appai.dev/themes/altum/views/index/index.php on line 119
[17-Jul-2024 19:08:52 UTC] PHP Warning:  Attempt to read property "description" on null in /home/buildit/appai.dev/themes/altum/views/index/index.php on line 119
[17-Jul-2024 19:08:52 UTC] PHP Warning:  Undefined property: stdClass::$romanian in /home/buildit/appai.dev/themes/altum/views/index/index.php on line 117
[17-Jul-2024 19:08:52 UTC] PHP Warning:  Attempt to read property "name" on null in /home/buildit/appai.dev/themes/altum/views/index/index.php on line 117
[17-Jul-2024 19:08:52 UTC] PHP Warning:  Undefined property: stdClass::$romanian in /home/buildit/appai.dev/themes/altum/views/index/index.php on line 119
[17-Jul-2024 19:08:52 UTC] PHP Warning:  Attempt to read property "description" on null in /home/buildit/appai.dev/themes/altum/views/index/index.php on line 119
[17-Jul-2024 19:08:52 UTC] PHP Warning:  Undefined property: stdClass::$romanian in /home/buildit/appai.dev/themes/altum/views/index/index.php on line 117
[17-Jul-2024 19:08:52 UTC] PHP Warning:  Attempt to read property "name" on null in /home/buildit/appai.dev/themes/altum/views/index/index.php on line 117
[17-Jul-2024 19:08:52 UTC] PHP Warning:  Undefined property: stdClass::$romanian in /home/buildit/appai.dev/themes/altum/views/index/index.php on line 119
[17-Jul-2024 19:08:52 UTC] PHP Warning:  Attempt to read property "description" on null in /home/buildit/appai.dev/themes/altum/views/index/index.php on line 119
[17-Jul-2024 19:08:52 UTC] PHP Warning:  Undefined property: stdClass::$romanian in /home/buildit/appai.dev/themes/altum/views/index/index.php on line 117
[17-Jul-2024 19:08:52 UTC] PHP Warning:  Attempt to read property "name" on null in /home/buildit/appai.dev/themes/altum/views/index/index.php on line 117
[17-Jul-2024 19:08:52 UTC] PHP Warning:  Undefined property: stdClass::$romanian in /home/buildit/appai.dev/themes/altum/views/index/index.php on line 119
[17-Jul-2024 19:08:52 UTC] PHP Warning:  Attempt to read property "description" on null in /home/buildit/appai.dev/themes/altum/views/index/index.php on line 119
[17-Jul-2024 19:08:52 UTC] PHP Warning:  Undefined property: stdClass::$romanian in /home/buildit/appai.dev/themes/altum/views/index/index.php on line 117
[17-Jul-2024 19:08:52 UTC] PHP Warning:  Attempt to read property "name" on null in /home/buildit/appai.dev/themes/altum/views/index/index.php on line 117
[17-Jul-2024 19:08:52 UTC] PHP Warning:  Undefined property: stdClass::$romanian in /home/buildit/appai.dev/themes/altum/views/index/index.php on line 119
[17-Jul-2024 19:08:52 UTC] PHP Warning:  Attempt to read property "description" on null in /home/buildit/appai.dev/themes/altum/views/index/index.php on line 119
[17-Jul-2024 19:08:52 UTC] PHP Warning:  Undefined property: stdClass::$romanian in /home/buildit/appai.dev/themes/altum/views/index/index.php on line 117
[17-Jul-2024 19:08:52 UTC] PHP Warning:  Attempt to read property "name" on null in /home/buildit/appai.dev/themes/altum/views/index/index.php on line 117
[17-Jul-2024 19:08:52 UTC] PHP Warning:  Undefined property: stdClass::$romanian in /home/buildit/appai.dev/themes/altum/views/index/index.php on line 119
[17-Jul-2024 19:08:52 UTC] PHP Warning:  Attempt to read property "description" on null in /home/buildit/appai.dev/themes/altum/views/index/index.php on line 119
[17-Jul-2024 19:08:52 UTC] PHP Warning:  Undefined property: stdClass::$romanian in /home/buildit/appai.dev/themes/altum/views/index/index.php on line 117
[17-Jul-2024 19:08:52 UTC] PHP Warning:  Attempt to read property "name" on null in /home/buildit/appai.dev/themes/altum/views/index/index.php on line 117
[17-Jul-2024 19:08:52 UTC] PHP Warning:  Undefined property: stdClass::$romanian in /home/buildit/appai.dev/themes/altum/views/index/index.php on line 119
[17-Jul-2024 19:08:52 UTC] PHP Warning:  Attempt to read property "description" on null in /home/buildit/appai.dev/themes/altum/views/index/index.php on line 119
[17-Jul-2024 19:08:52 UTC] PHP Warning:  Undefined property: stdClass::$romanian in /home/buildit/appai.dev/themes/altum/views/index/index.php on line 117
[17-Jul-2024 19:08:52 UTC] PHP Warning:  Attempt to read property "name" on null in /home/buildit/appai.dev/themes/altum/views/index/index.php on line 117
[17-Jul-2024 19:08:52 UTC] PHP Warning:  Undefined property: stdClass::$romanian in /home/buildit/appai.dev/themes/altum/views/index/index.php on line 119
[17-Jul-2024 19:08:52 UTC] PHP Warning:  Attempt to read property "description" on null in /home/buildit/appai.dev/themes/altum/views/index/index.php on line 119
[17-Jul-2024 19:08:52 UTC] PHP Warning:  Undefined property: stdClass::$romanian in /home/buildit/appai.dev/themes/altum/views/index/index.php on line 117
[17-Jul-2024 19:08:52 UTC] PHP Warning:  Attempt to read property "name" on null in /home/buildit/appai.dev/themes/altum/views/index/index.php on line 117
[17-Jul-2024 19:08:52 UTC] PHP Warning:  Undefined property: stdClass::$romanian in /home/buildit/appai.dev/themes/altum/views/index/index.php on line 119
[17-Jul-2024 19:08:52 UTC] PHP Warning:  Attempt to read property "description" on null in /home/buildit/appai.dev/themes/altum/views/index/index.php on line 119
[17-Jul-2024 19:08:52 UTC] PHP Warning:  Undefined property: stdClass::$romanian in /home/buildit/appai.dev/themes/altum/views/index/index.php on line 117
[17-Jul-2024 19:08:52 UTC] PHP Warning:  Attempt to read property "name" on null in /home/buildit/appai.dev/themes/altum/views/index/index.php on line 117
[17-Jul-2024 19:08:52 UTC] PHP Warning:  Undefined property: stdClass::$romanian in /home/buildit/appai.dev/themes/altum/views/index/index.php on line 119
[17-Jul-2024 19:08:52 UTC] PHP Warning:  Attempt to read property "description" on null in /home/buildit/appai.dev/themes/altum/views/index/index.php on line 119
[17-Jul-2024 19:08:52 UTC] PHP Warning:  Undefined property: stdClass::$romanian in /home/buildit/appai.dev/themes/altum/views/index/index.php on line 117
[17-Jul-2024 19:08:52 UTC] PHP Warning:  Attempt to read property "name" on null in /home/buildit/appai.dev/themes/altum/views/index/index.php on line 117
[17-Jul-2024 19:08:52 UTC] PHP Warning:  Undefined property: stdClass::$romanian in /home/buildit/appai.dev/themes/altum/views/index/index.php on line 119
[17-Jul-2024 19:08:52 UTC] PHP Warning:  Attempt to read property "description" on null in /home/buildit/appai.dev/themes/altum/views/index/index.php on line 119
[17-Jul-2024 19:08:52 UTC] PHP Warning:  Undefined property: stdClass::$romanian in /home/buildit/appai.dev/themes/altum/views/index/index.php on line 117
[17-Jul-2024 19:08:52 UTC] PHP Warning:  Attempt to read property "name" on null in /home/buildit/appai.dev/themes/altum/views/index/index.php on line 117
[17-Jul-2024 19:08:52 UTC] PHP Warning:  Undefined property: stdClass::$romanian in /home/buildit/appai.dev/themes/altum/views/index/index.php on line 119
[17-Jul-2024 19:08:52 UTC] PHP Warning:  Attempt to read property "description" on null in /home/buildit/appai.dev/themes/altum/views/index/index.php on line 119
[17-Jul-2024 19:08:52 UTC] PHP Warning:  Undefined property: stdClass::$romanian in /home/buildit/appai.dev/themes/altum/views/index/index.php on line 117
[17-Jul-2024 19:08:52 UTC] PHP Warning:  Attempt to read property "name" on null in /home/buildit/appai.dev/themes/altum/views/index/index.php on line 117
[17-Jul-2024 19:08:52 UTC] PHP Warning:  Undefined property: stdClass::$romanian in /home/buildit/appai.dev/themes/altum/views/index/index.php on line 119
[17-Jul-2024 19:08:52 UTC] PHP Warning:  Attempt to read property "description" on null in /home/buildit/appai.dev/themes/altum/views/index/index.php on line 119
[17-Jul-2024 19:08:52 UTC] PHP Warning:  Undefined property: stdClass::$romanian in /home/buildit/appai.dev/themes/altum/views/index/index.php on line 117
[17-Jul-2024 19:08:52 UTC] PHP Warning:  Attempt to read property "name" on null in /home/buildit/appai.dev/themes/altum/views/index/index.php on line 117
[17-Jul-2024 19:08:52 UTC] PHP Warning:  Undefined property: stdClass::$romanian in /home/buildit/appai.dev/themes/altum/views/index/index.php on line 119
[17-Jul-2024 19:08:52 UTC] PHP Warning:  Attempt to read property "description" on null in /home/buildit/appai.dev/themes/altum/views/index/index.php on line 119
[17-Jul-2024 19:08:52 UTC] PHP Warning:  Undefined property: stdClass::$romanian in /home/buildit/appai.dev/themes/altum/views/index/index.php on line 117
[17-Jul-2024 19:08:52 UTC] PHP Warning:  Attempt to read property "name" on null in /home/buildit/appai.dev/themes/altum/views/index/index.php on line 117
[17-Jul-2024 19:08:52 UTC] PHP Warning:  Undefined property: stdClass::$romanian in /home/buildit/appai.dev/themes/altum/views/index/index.php on line 119
[17-Jul-2024 19:08:52 UTC] PHP Warning:  Attempt to read property "description" on null in /home/buildit/appai.dev/themes/altum/views/index/index.php on line 119
[17-Jul-2024 19:08:52 UTC] PHP Warning:  Undefined property: stdClass::$romanian in /home/buildit/appai.dev/themes/altum/views/index/index.php on line 117
[17-Jul-2024 19:08:52 UTC] PHP Warning:  Attempt to read property "name" on null in /home/buildit/appai.dev/themes/altum/views/index/index.php on line 117
[17-Jul-2024 19:08:52 UTC] PHP Warning:  Undefined property: stdClass::$romanian in /home/buildit/appai.dev/themes/altum/views/index/index.php on line 119
[17-Jul-2024 19:08:52 UTC] PHP Warning:  Attempt to read property "description" on null in /home/buildit/appai.dev/themes/altum/views/index/index.php on line 119
[17-Jul-2024 19:08:52 UTC] PHP Warning:  Undefined property: stdClass::$romanian in /home/buildit/appai.dev/themes/altum/views/index/index.php on line 117
[17-Jul-2024 19:08:52 UTC] PHP Warning:  Attempt to read property "name" on null in /home/buildit/appai.dev/themes/altum/views/index/index.php on line 117
[17-Jul-2024 19:08:52 UTC] PHP Warning:  Undefined property: stdClass::$romanian in /home/buildit/appai.dev/themes/altum/views/index/index.php on line 119
[17-Jul-2024 19:08:52 UTC] PHP Warning:  Attempt to read property "description" on null in /home/buildit/appai.dev/themes/altum/views/index/index.php on line 119
[17-Jul-2024 19:08:52 UTC] PHP Warning:  Undefined property: stdClass::$romanian in /home/buildit/appai.dev/themes/altum/views/index/index.php on line 117
[17-Jul-2024 19:08:52 UTC] PHP Warning:  Attempt to read property "name" on null in /home/buildit/appai.dev/themes/altum/views/index/index.php on line 117
[17-Jul-2024 19:08:52 UTC] PHP Warning:  Undefined property: stdClass::$romanian in /home/buildit/appai.dev/themes/altum/views/index/index.php on line 119
[17-Jul-2024 19:08:52 UTC] PHP Warning:  Attempt to read property "description" on null in /home/buildit/appai.dev/themes/altum/views/index/index.php on line 119
[17-Jul-2024 19:08:52 UTC] PHP Warning:  Undefined property: stdClass::$romanian in /home/buildit/appai.dev/themes/altum/views/index/index.php on line 117
[17-Jul-2024 19:08:52 UTC] PHP Warning:  Attempt to read property "name" on null in /home/buildit/appai.dev/themes/altum/views/index/index.php on line 117
[17-Jul-2024 19:08:52 UTC] PHP Warning:  Undefined property: stdClass::$romanian in /home/buildit/appai.dev/themes/altum/views/index/index.php on line 119
[17-Jul-2024 19:08:52 UTC] PHP Warning:  Attempt to read property "description" on null in /home/buildit/appai.dev/themes/altum/views/index/index.php on line 119
[17-Jul-2024 19:08:52 UTC] PHP Warning:  Undefined property: stdClass::$romanian in /home/buildit/appai.dev/themes/altum/views/index/index.php on line 117
[17-Jul-2024 19:08:52 UTC] PHP Warning:  Attempt to read property "name" on null in /home/buildit/appai.dev/themes/altum/views/index/index.php on line 117
[17-Jul-2024 19:08:52 UTC] PHP Warning:  Undefined property: stdClass::$romanian in /home/buildit/appai.dev/themes/altum/views/index/index.php on line 119
[17-Jul-2024 19:08:52 UTC] PHP Warning:  Attempt to read property "description" on null in /home/buildit/appai.dev/themes/altum/views/index/index.php on line 119
[17-Jul-2024 19:08:52 UTC] PHP Warning:  Undefined property: stdClass::$romanian in /home/buildit/appai.dev/themes/altum/views/index/index.php on line 117
[17-Jul-2024 19:08:52 UTC] PHP Warning:  Attempt to read property "name" on null in /home/buildit/appai.dev/themes/altum/views/index/index.php on line 117
[17-Jul-2024 19:08:52 UTC] PHP Warning:  Undefined property: stdClass::$romanian in /home/buildit/appai.dev/themes/altum/views/index/index.php on line 119
[17-Jul-2024 19:08:52 UTC] PHP Warning:  Attempt to read property "description" on null in /home/buildit/appai.dev/themes/altum/views/index/index.php on line 119
[17-Jul-2024 19:08:52 UTC] PHP Warning:  Undefined property: stdClass::$romanian in /home/buildit/appai.dev/themes/altum/views/index/index.php on line 117
[17-Jul-2024 19:08:52 UTC] PHP Warning:  Attempt to read property "name" on null in /home/buildit/appai.dev/themes/altum/views/index/index.php on line 117
[17-Jul-2024 19:08:52 UTC] PHP Warning:  Undefined property: stdClass::$romanian in /home/buildit/appai.dev/themes/altum/views/index/index.php on line 119
[17-Jul-2024 19:08:52 UTC] PHP Warning:  Attempt to read property "description" on null in /home/buildit/appai.dev/themes/altum/views/index/index.php on line 119
[17-Jul-2024 19:08:52 UTC] PHP Warning:  Undefined property: stdClass::$romanian in /home/buildit/appai.dev/themes/altum/views/index/index.php on line 117
[17-Jul-2024 19:08:52 UTC] PHP Warning:  Attempt to read property "name" on null in /home/buildit/appai.dev/themes/altum/views/index/index.php on line 117
[17-Jul-2024 19:08:52 UTC] PHP Warning:  Undefined property: stdClass::$romanian in /home/buildit/appai.dev/themes/altum/views/index/index.php on line 119
[17-Jul-2024 19:08:52 UTC] PHP Warning:  Attempt to read property "description" on null in /home/buildit/appai.dev/themes/altum/views/index/index.php on line 119
[17-Jul-2024 19:08:52 UTC] PHP Warning:  Undefined property: stdClass::$romanian in /home/buildit/appai.dev/themes/altum/views/index/index.php on line 117
[17-Jul-2024 19:08:52 UTC] PHP Warning:  Attempt to read property "name" on null in /home/buildit/appai.dev/themes/altum/views/index/index.php on line 117
[17-Jul-2024 19:08:52 UTC] PHP Warning:  Undefined property: stdClass::$romanian in /home/buildit/appai.dev/themes/altum/views/index/index.php on line 119
[17-Jul-2024 19:08:52 UTC] PHP Warning:  Attempt to read property "description" on null in /home/buildit/appai.dev/themes/altum/views/index/index.php on line 119
[17-Jul-2024 19:27:54 UTC] PHP Warning:  Undefined property: stdClass::$romanian in /home/buildit/appai.dev/themes/altum/views/index/index.php on line 117
[17-Jul-2024 19:27:54 UTC] PHP Warning:  Attempt to read property "name" on null in /home/buildit/appai.dev/themes/altum/views/index/index.php on line 117
[17-Jul-2024 19:27:54 UTC] PHP Warning:  Undefined property: stdClass::$romanian in /home/buildit/appai.dev/themes/altum/views/index/index.php on line 119
[17-Jul-2024 19:27:54 UTC] PHP Warning:  Attempt to read property "description" on null in /home/buildit/appai.dev/themes/altum/views/index/index.php on line 119
[17-Jul-2024 19:27:54 UTC] PHP Warning:  Undefined property: stdClass::$romanian in /home/buildit/appai.dev/themes/altum/views/index/index.php on line 117
[17-Jul-2024 19:27:54 UTC] PHP Warning:  Attempt to read property "name" on null in /home/buildit/appai.dev/themes/altum/views/index/index.php on line 117
[17-Jul-2024 19:27:54 UTC] PHP Warning:  Undefined property: stdClass::$romanian in /home/buildit/appai.dev/themes/altum/views/index/index.php on line 119
[17-Jul-2024 19:27:54 UTC] PHP Warning:  Attempt to read property "description" on null in /home/buildit/appai.dev/themes/altum/views/index/index.php on line 119
[17-Jul-2024 19:27:54 UTC] PHP Warning:  Undefined property: stdClass::$romanian in /home/buildit/appai.dev/themes/altum/views/index/index.php on line 117
[17-Jul-2024 19:27:54 UTC] PHP Warning:  Attempt to read property "name" on null in /home/buildit/appai.dev/themes/altum/views/index/index.php on line 117
[17-Jul-2024 19:27:54 UTC] PHP Warning:  Undefined property: stdClass::$romanian in /home/buildit/appai.dev/themes/altum/views/index/index.php on line 119
[17-Jul-2024 19:27:54 UTC] PHP Warning:  Attempt to read property "description" on null in /home/buildit/appai.dev/themes/altum/views/index/index.php on line 119
[17-Jul-2024 19:27:54 UTC] PHP Warning:  Undefined property: stdClass::$romanian in /home/buildit/appai.dev/themes/altum/views/index/index.php on line 117
[17-Jul-2024 19:27:54 UTC] PHP Warning:  Attempt to read property "name" on null in /home/buildit/appai.dev/themes/altum/views/index/index.php on line 117
[17-Jul-2024 19:27:54 UTC] PHP Warning:  Undefined property: stdClass::$romanian in /home/buildit/appai.dev/themes/altum/views/index/index.php on line 119
[17-Jul-2024 19:27:54 UTC] PHP Warning:  Attempt to read property "description" on null in /home/buildit/appai.dev/themes/altum/views/index/index.php on line 119
[17-Jul-2024 19:27:54 UTC] PHP Warning:  Undefined property: stdClass::$romanian in /home/buildit/appai.dev/themes/altum/views/index/index.php on line 117
[17-Jul-2024 19:27:54 UTC] PHP Warning:  Attempt to read property "name" on null in /home/buildit/appai.dev/themes/altum/views/index/index.php on line 117
[17-Jul-2024 19:27:54 UTC] PHP Warning:  Undefined property: stdClass::$romanian in /home/buildit/appai.dev/themes/altum/views/index/index.php on line 119
[17-Jul-2024 19:27:54 UTC] PHP Warning:  Attempt to read property "description" on null in /home/buildit/appai.dev/themes/altum/views/index/index.php on line 119
[17-Jul-2024 19:27:54 UTC] PHP Warning:  Undefined property: stdClass::$romanian in /home/buildit/appai.dev/themes/altum/views/index/index.php on line 117
[17-Jul-2024 19:27:54 UTC] PHP Warning:  Attempt to read property "name" on null in /home/buildit/appai.dev/themes/altum/views/index/index.php on line 117
[17-Jul-2024 19:27:54 UTC] PHP Warning:  Undefined property: stdClass::$romanian in /home/buildit/appai.dev/themes/altum/views/index/index.php on line 119
[17-Jul-2024 19:27:54 UTC] PHP Warning:  Attempt to read property "description" on null in /home/buildit/appai.dev/themes/altum/views/index/index.php on line 119
[17-Jul-2024 19:27:54 UTC] PHP Warning:  Undefined property: stdClass::$romanian in /home/buildit/appai.dev/themes/altum/views/index/index.php on line 117
[17-Jul-2024 19:27:54 UTC] PHP Warning:  Attempt to read property "name" on null in /home/buildit/appai.dev/themes/altum/views/index/index.php on line 117
[17-Jul-2024 19:27:54 UTC] PHP Warning:  Undefined property: stdClass::$romanian in /home/buildit/appai.dev/themes/altum/views/index/index.php on line 119
[17-Jul-2024 19:27:54 UTC] PHP Warning:  Attempt to read property "description" on null in /home/buildit/appai.dev/themes/altum/views/index/index.php on line 119
[17-Jul-2024 19:27:54 UTC] PHP Warning:  Undefined property: stdClass::$romanian in /home/buildit/appai.dev/themes/altum/views/index/index.php on line 117
[17-Jul-2024 19:27:54 UTC] PHP Warning:  Attempt to read property "name" on null in /home/buildit/appai.dev/themes/altum/views/index/index.php on line 117
[17-Jul-2024 19:27:54 UTC] PHP Warning:  Undefined property: stdClass::$romanian in /home/buildit/appai.dev/themes/altum/views/index/index.php on line 119
[17-Jul-2024 19:27:54 UTC] PHP Warning:  Attempt to read property "description" on null in /home/buildit/appai.dev/themes/altum/views/index/index.php on line 119
[17-Jul-2024 19:27:54 UTC] PHP Warning:  Undefined property: stdClass::$romanian in /home/buildit/appai.dev/themes/altum/views/index/index.php on line 117
[17-Jul-2024 19:27:54 UTC] PHP Warning:  Attempt to read property "name" on null in /home/buildit/appai.dev/themes/altum/views/index/index.php on line 117
[17-Jul-2024 19:27:54 UTC] PHP Warning:  Undefined property: stdClass::$romanian in /home/buildit/appai.dev/themes/altum/views/index/index.php on line 119
[17-Jul-2024 19:27:54 UTC] PHP Warning:  Attempt to read property "description" on null in /home/buildit/appai.dev/themes/altum/views/index/index.php on line 119
[17-Jul-2024 19:27:54 UTC] PHP Warning:  Undefined property: stdClass::$romanian in /home/buildit/appai.dev/themes/altum/views/index/index.php on line 117
[17-Jul-2024 19:27:54 UTC] PHP Warning:  Attempt to read property "name" on null in /home/buildit/appai.dev/themes/altum/views/index/index.php on line 117
[17-Jul-2024 19:27:54 UTC] PHP Warning:  Undefined property: stdClass::$romanian in /home/buildit/appai.dev/themes/altum/views/index/index.php on line 119
[17-Jul-2024 19:27:54 UTC] PHP Warning:  Attempt to read property "description" on null in /home/buildit/appai.dev/themes/altum/views/index/index.php on line 119
[17-Jul-2024 19:27:54 UTC] PHP Warning:  Undefined property: stdClass::$romanian in /home/buildit/appai.dev/themes/altum/views/index/index.php on line 117
[17-Jul-2024 19:27:54 UTC] PHP Warning:  Attempt to read property "name" on null in /home/buildit/appai.dev/themes/altum/views/index/index.php on line 117
[17-Jul-2024 19:27:54 UTC] PHP Warning:  Undefined property: stdClass::$romanian in /home/buildit/appai.dev/themes/altum/views/index/index.php on line 119
[17-Jul-2024 19:27:54 UTC] PHP Warning:  Attempt to read property "description" on null in /home/buildit/appai.dev/themes/altum/views/index/index.php on line 119
[17-Jul-2024 19:27:54 UTC] PHP Warning:  Undefined property: stdClass::$romanian in /home/buildit/appai.dev/themes/altum/views/index/index.php on line 117
[17-Jul-2024 19:27:54 UTC] PHP Warning:  Attempt to read property "name" on null in /home/buildit/appai.dev/themes/altum/views/index/index.php on line 117
[17-Jul-2024 19:27:54 UTC] PHP Warning:  Undefined property: stdClass::$romanian in /home/buildit/appai.dev/themes/altum/views/index/index.php on line 119
[17-Jul-2024 19:27:54 UTC] PHP Warning:  Attempt to read property "description" on null in /home/buildit/appai.dev/themes/altum/views/index/index.php on line 119
[17-Jul-2024 19:27:54 UTC] PHP Warning:  Undefined property: stdClass::$romanian in /home/buildit/appai.dev/themes/altum/views/index/index.php on line 117
[17-Jul-2024 19:27:54 UTC] PHP Warning:  Attempt to read property "name" on null in /home/buildit/appai.dev/themes/altum/views/index/index.php on line 117
[17-Jul-2024 19:27:54 UTC] PHP Warning:  Undefined property: stdClass::$romanian in /home/buildit/appai.dev/themes/altum/views/index/index.php on line 119
[17-Jul-2024 19:27:54 UTC] PHP Warning:  Attempt to read property "description" on null in /home/buildit/appai.dev/themes/altum/views/index/index.php on line 119
[17-Jul-2024 19:27:54 UTC] PHP Warning:  Undefined property: stdClass::$romanian in /home/buildit/appai.dev/themes/altum/views/index/index.php on line 117
[17-Jul-2024 19:27:54 UTC] PHP Warning:  Attempt to read property "name" on null in /home/buildit/appai.dev/themes/altum/views/index/index.php on line 117
[17-Jul-2024 19:27:54 UTC] PHP Warning:  Undefined property: stdClass::$romanian in /home/buildit/appai.dev/themes/altum/views/index/index.php on line 119
[17-Jul-2024 19:27:54 UTC] PHP Warning:  Attempt to read property "description" on null in /home/buildit/appai.dev/themes/altum/views/index/index.php on line 119
[17-Jul-2024 19:27:54 UTC] PHP Warning:  Undefined property: stdClass::$romanian in /home/buildit/appai.dev/themes/altum/views/index/index.php on line 117
[17-Jul-2024 19:27:54 UTC] PHP Warning:  Attempt to read property "name" on null in /home/buildit/appai.dev/themes/altum/views/index/index.php on line 117
[17-Jul-2024 19:27:54 UTC] PHP Warning:  Undefined property: stdClass::$romanian in /home/buildit/appai.dev/themes/altum/views/index/index.php on line 119
[17-Jul-2024 19:27:54 UTC] PHP Warning:  Attempt to read property "description" on null in /home/buildit/appai.dev/themes/altum/views/index/index.php on line 119
[17-Jul-2024 19:27:54 UTC] PHP Warning:  Undefined property: stdClass::$romanian in /home/buildit/appai.dev/themes/altum/views/index/index.php on line 117
[17-Jul-2024 19:27:54 UTC] PHP Warning:  Attempt to read property "name" on null in /home/buildit/appai.dev/themes/altum/views/index/index.php on line 117
[17-Jul-2024 19:27:54 UTC] PHP Warning:  Undefined property: stdClass::$romanian in /home/buildit/appai.dev/themes/altum/views/index/index.php on line 119
[17-Jul-2024 19:27:54 UTC] PHP Warning:  Attempt to read property "description" on null in /home/buildit/appai.dev/themes/altum/views/index/index.php on line 119
[17-Jul-2024 19:27:54 UTC] PHP Warning:  Undefined property: stdClass::$romanian in /home/buildit/appai.dev/themes/altum/views/index/index.php on line 117
[17-Jul-2024 19:27:54 UTC] PHP Warning:  Attempt to read property "name" on null in /home/buildit/appai.dev/themes/altum/views/index/index.php on line 117
[17-Jul-2024 19:27:54 UTC] PHP Warning:  Undefined property: stdClass::$romanian in /home/buildit/appai.dev/themes/altum/views/index/index.php on line 119
[17-Jul-2024 19:27:54 UTC] PHP Warning:  Attempt to read property "description" on null in /home/buildit/appai.dev/themes/altum/views/index/index.php on line 119
[17-Jul-2024 19:27:54 UTC] PHP Warning:  Undefined property: stdClass::$romanian in /home/buildit/appai.dev/themes/altum/views/index/index.php on line 117
[17-Jul-2024 19:27:54 UTC] PHP Warning:  Attempt to read property "name" on null in /home/buildit/appai.dev/themes/altum/views/index/index.php on line 117
[17-Jul-2024 19:27:54 UTC] PHP Warning:  Undefined property: stdClass::$romanian in /home/buildit/appai.dev/themes/altum/views/index/index.php on line 119
[17-Jul-2024 19:27:54 UTC] PHP Warning:  Attempt to read property "description" on null in /home/buildit/appai.dev/themes/altum/views/index/index.php on line 119
[17-Jul-2024 19:27:54 UTC] PHP Warning:  Undefined property: stdClass::$romanian in /home/buildit/appai.dev/themes/altum/views/index/index.php on line 117
[17-Jul-2024 19:27:54 UTC] PHP Warning:  Attempt to read property "name" on null in /home/buildit/appai.dev/themes/altum/views/index/index.php on line 117
[17-Jul-2024 19:27:54 UTC] PHP Warning:  Undefined property: stdClass::$romanian in /home/buildit/appai.dev/themes/altum/views/index/index.php on line 119
[17-Jul-2024 19:27:54 UTC] PHP Warning:  Attempt to read property "description" on null in /home/buildit/appai.dev/themes/altum/views/index/index.php on line 119
[17-Jul-2024 19:27:54 UTC] PHP Warning:  Undefined property: stdClass::$romanian in /home/buildit/appai.dev/themes/altum/views/index/index.php on line 117
[17-Jul-2024 19:27:54 UTC] PHP Warning:  Attempt to read property "name" on null in /home/buildit/appai.dev/themes/altum/views/index/index.php on line 117
[17-Jul-2024 19:27:54 UTC] PHP Warning:  Undefined property: stdClass::$romanian in /home/buildit/appai.dev/themes/altum/views/index/index.php on line 119
[17-Jul-2024 19:27:54 UTC] PHP Warning:  Attempt to read property "description" on null in /home/buildit/appai.dev/themes/altum/views/index/index.php on line 119
[17-Jul-2024 19:27:54 UTC] PHP Warning:  Undefined property: stdClass::$romanian in /home/buildit/appai.dev/themes/altum/views/index/index.php on line 117
[17-Jul-2024 19:27:54 UTC] PHP Warning:  Attempt to read property "name" on null in /home/buildit/appai.dev/themes/altum/views/index/index.php on line 117
[17-Jul-2024 19:27:54 UTC] PHP Warning:  Undefined property: stdClass::$romanian in /home/buildit/appai.dev/themes/altum/views/index/index.php on line 119
[17-Jul-2024 19:27:54 UTC] PHP Warning:  Attempt to read property "description" on null in /home/buildit/appai.dev/themes/altum/views/index/index.php on line 119
[17-Jul-2024 19:27:54 UTC] PHP Warning:  Undefined property: stdClass::$romanian in /home/buildit/appai.dev/themes/altum/views/index/index.php on line 117
[17-Jul-2024 19:27:54 UTC] PHP Warning:  Attempt to read property "name" on null in /home/buildit/appai.dev/themes/altum/views/index/index.php on line 117
[17-Jul-2024 19:27:54 UTC] PHP Warning:  Undefined property: stdClass::$romanian in /home/buildit/appai.dev/themes/altum/views/index/index.php on line 119
[17-Jul-2024 19:27:54 UTC] PHP Warning:  Attempt to read property "description" on null in /home/buildit/appai.dev/themes/altum/views/index/index.php on line 119
[17-Jul-2024 19:27:54 UTC] PHP Warning:  Undefined property: stdClass::$romanian in /home/buildit/appai.dev/themes/altum/views/index/index.php on line 117
[17-Jul-2024 19:27:54 UTC] PHP Warning:  Attempt to read property "name" on null in /home/buildit/appai.dev/themes/altum/views/index/index.php on line 117
[17-Jul-2024 19:27:54 UTC] PHP Warning:  Undefined property: stdClass::$romanian in /home/buildit/appai.dev/themes/altum/views/index/index.php on line 119
[17-Jul-2024 19:27:54 UTC] PHP Warning:  Attempt to read property "description" on null in /home/buildit/appai.dev/themes/altum/views/index/index.php on line 119
[17-Jul-2024 19:27:54 UTC] PHP Warning:  Undefined property: stdClass::$romanian in /home/buildit/appai.dev/themes/altum/views/index/index.php on line 117
[17-Jul-2024 19:27:54 UTC] PHP Warning:  Attempt to read property "name" on null in /home/buildit/appai.dev/themes/altum/views/index/index.php on line 117
[17-Jul-2024 19:27:54 UTC] PHP Warning:  Undefined property: stdClass::$romanian in /home/buildit/appai.dev/themes/altum/views/index/index.php on line 119
[17-Jul-2024 19:27:54 UTC] PHP Warning:  Attempt to read property "description" on null in /home/buildit/appai.dev/themes/altum/views/index/index.php on line 119
[17-Jul-2024 19:27:54 UTC] PHP Warning:  Undefined property: stdClass::$romanian in /home/buildit/appai.dev/themes/altum/views/index/index.php on line 117
[17-Jul-2024 19:27:54 UTC] PHP Warning:  Attempt to read property "name" on null in /home/buildit/appai.dev/themes/altum/views/index/index.php on line 117
[17-Jul-2024 19:27:54 UTC] PHP Warning:  Undefined property: stdClass::$romanian in /home/buildit/appai.dev/themes/altum/views/index/index.php on line 119
[17-Jul-2024 19:27:54 UTC] PHP Warning:  Attempt to read property "description" on null in /home/buildit/appai.dev/themes/altum/views/index/index.php on line 119
[17-Jul-2024 19:27:54 UTC] PHP Warning:  Undefined property: stdClass::$romanian in /home/buildit/appai.dev/themes/altum/views/index/index.php on line 117
[17-Jul-2024 19:27:54 UTC] PHP Warning:  Attempt to read property "name" on null in /home/buildit/appai.dev/themes/altum/views/index/index.php on line 117
[17-Jul-2024 19:27:54 UTC] PHP Warning:  Undefined property: stdClass::$romanian in /home/buildit/appai.dev/themes/altum/views/index/index.php on line 119
[17-Jul-2024 19:27:54 UTC] PHP Warning:  Attempt to read property "description" on null in /home/buildit/appai.dev/themes/altum/views/index/index.php on line 119
[17-Jul-2024 19:27:54 UTC] PHP Warning:  Undefined property: stdClass::$romanian in /home/buildit/appai.dev/themes/altum/views/index/index.php on line 117
[17-Jul-2024 19:27:54 UTC] PHP Warning:  Attempt to read property "name" on null in /home/buildit/appai.dev/themes/altum/views/index/index.php on line 117
[17-Jul-2024 19:27:54 UTC] PHP Warning:  Undefined property: stdClass::$romanian in /home/buildit/appai.dev/themes/altum/views/index/index.php on line 119
[17-Jul-2024 19:27:54 UTC] PHP Warning:  Attempt to read property "description" on null in /home/buildit/appai.dev/themes/altum/views/index/index.php on line 119
[17-Jul-2024 19:27:54 UTC] PHP Warning:  Undefined property: stdClass::$romanian in /home/buildit/appai.dev/themes/altum/views/index/index.php on line 117
[17-Jul-2024 19:27:54 UTC] PHP Warning:  Attempt to read property "name" on null in /home/buildit/appai.dev/themes/altum/views/index/index.php on line 117
[17-Jul-2024 19:27:54 UTC] PHP Warning:  Undefined property: stdClass::$romanian in /home/buildit/appai.dev/themes/altum/views/index/index.php on line 119
[17-Jul-2024 19:27:54 UTC] PHP Warning:  Attempt to read property "description" on null in /home/buildit/appai.dev/themes/altum/views/index/index.php on line 119
[17-Jul-2024 19:27:54 UTC] PHP Warning:  Undefined property: stdClass::$romanian in /home/buildit/appai.dev/themes/altum/views/index/index.php on line 117
[17-Jul-2024 19:27:54 UTC] PHP Warning:  Attempt to read property "name" on null in /home/buildit/appai.dev/themes/altum/views/index/index.php on line 117
[17-Jul-2024 19:27:54 UTC] PHP Warning:  Undefined property: stdClass::$romanian in /home/buildit/appai.dev/themes/altum/views/index/index.php on line 119
[17-Jul-2024 19:27:54 UTC] PHP Warning:  Attempt to read property "description" on null in /home/buildit/appai.dev/themes/altum/views/index/index.php on line 119
[17-Jul-2024 19:27:54 UTC] PHP Warning:  Undefined property: stdClass::$romanian in /home/buildit/appai.dev/themes/altum/views/index/index.php on line 117
[17-Jul-2024 19:27:54 UTC] PHP Warning:  Attempt to read property "name" on null in /home/buildit/appai.dev/themes/altum/views/index/index.php on line 117
[17-Jul-2024 19:27:54 UTC] PHP Warning:  Undefined property: stdClass::$romanian in /home/buildit/appai.dev/themes/altum/views/index/index.php on line 119
[17-Jul-2024 19:27:54 UTC] PHP Warning:  Attempt to read property "description" on null in /home/buildit/appai.dev/themes/altum/views/index/index.php on line 119
[17-Jul-2024 19:27:54 UTC] PHP Warning:  Undefined property: stdClass::$romanian in /home/buildit/appai.dev/themes/altum/views/index/index.php on line 117
[17-Jul-2024 19:27:54 UTC] PHP Warning:  Attempt to read property "name" on null in /home/buildit/appai.dev/themes/altum/views/index/index.php on line 117
[17-Jul-2024 19:27:54 UTC] PHP Warning:  Undefined property: stdClass::$romanian in /home/buildit/appai.dev/themes/altum/views/index/index.php on line 119
[17-Jul-2024 19:27:54 UTC] PHP Warning:  Attempt to read property "description" on null in /home/buildit/appai.dev/themes/altum/views/index/index.php on line 119
[17-Jul-2024 19:27:54 UTC] PHP Warning:  Undefined property: stdClass::$romanian in /home/buildit/appai.dev/themes/altum/views/index/index.php on line 117
[17-Jul-2024 19:27:54 UTC] PHP Warning:  Attempt to read property "name" on null in /home/buildit/appai.dev/themes/altum/views/index/index.php on line 117
[17-Jul-2024 19:27:54 UTC] PHP Warning:  Undefined property: stdClass::$romanian in /home/buildit/appai.dev/themes/altum/views/index/index.php on line 119
[17-Jul-2024 19:27:54 UTC] PHP Warning:  Attempt to read property "description" on null in /home/buildit/appai.dev/themes/altum/views/index/index.php on line 119
[17-Jul-2024 19:27:54 UTC] PHP Warning:  Undefined property: stdClass::$romanian in /home/buildit/appai.dev/themes/altum/views/index/index.php on line 117
[17-Jul-2024 19:27:54 UTC] PHP Warning:  Attempt to read property "name" on null in /home/buildit/appai.dev/themes/altum/views/index/index.php on line 117
[17-Jul-2024 19:27:54 UTC] PHP Warning:  Undefined property: stdClass::$romanian in /home/buildit/appai.dev/themes/altum/views/index/index.php on line 119
[17-Jul-2024 19:27:54 UTC] PHP Warning:  Attempt to read property "description" on null in /home/buildit/appai.dev/themes/altum/views/index/index.php on line 119
[17-Jul-2024 19:27:54 UTC] PHP Warning:  Undefined property: stdClass::$romanian in /home/buildit/appai.dev/themes/altum/views/index/index.php on line 117
[17-Jul-2024 19:27:54 UTC] PHP Warning:  Attempt to read property "name" on null in /home/buildit/appai.dev/themes/altum/views/index/index.php on line 117
[17-Jul-2024 19:27:54 UTC] PHP Warning:  Undefined property: stdClass::$romanian in /home/buildit/appai.dev/themes/altum/views/index/index.php on line 119
[17-Jul-2024 19:27:54 UTC] PHP Warning:  Attempt to read property "description" on null in /home/buildit/appai.dev/themes/altum/views/index/index.php on line 119
[17-Jul-2024 19:27:54 UTC] PHP Warning:  Undefined property: stdClass::$romanian in /home/buildit/appai.dev/themes/altum/views/index/index.php on line 117
[17-Jul-2024 19:27:54 UTC] PHP Warning:  Attempt to read property "name" on null in /home/buildit/appai.dev/themes/altum/views/index/index.php on line 117
[17-Jul-2024 19:27:54 UTC] PHP Warning:  Undefined property: stdClass::$romanian in /home/buildit/appai.dev/themes/altum/views/index/index.php on line 119
[17-Jul-2024 19:27:54 UTC] PHP Warning:  Attempt to read property "description" on null in /home/buildit/appai.dev/themes/altum/views/index/index.php on line 119
[17-Jul-2024 19:27:54 UTC] PHP Warning:  Undefined property: stdClass::$romanian in /home/buildit/appai.dev/themes/altum/views/index/index.php on line 117
[17-Jul-2024 19:27:54 UTC] PHP Warning:  Attempt to read property "name" on null in /home/buildit/appai.dev/themes/altum/views/index/index.php on line 117
[17-Jul-2024 19:27:54 UTC] PHP Warning:  Undefined property: stdClass::$romanian in /home/buildit/appai.dev/themes/altum/views/index/index.php on line 119
[17-Jul-2024 19:27:54 UTC] PHP Warning:  Attempt to read property "description" on null in /home/buildit/appai.dev/themes/altum/views/index/index.php on line 119
[17-Jul-2024 19:27:54 UTC] PHP Warning:  Undefined property: stdClass::$romanian in /home/buildit/appai.dev/themes/altum/views/index/index.php on line 117
[17-Jul-2024 19:27:54 UTC] PHP Warning:  Attempt to read property "name" on null in /home/buildit/appai.dev/themes/altum/views/index/index.php on line 117
[17-Jul-2024 19:27:54 UTC] PHP Warning:  Undefined property: stdClass::$romanian in /home/buildit/appai.dev/themes/altum/views/index/index.php on line 119
[17-Jul-2024 19:27:54 UTC] PHP Warning:  Attempt to read property "description" on null in /home/buildit/appai.dev/themes/altum/views/index/index.php on line 119
[17-Jul-2024 19:27:54 UTC] PHP Warning:  Undefined property: stdClass::$romanian in /home/buildit/appai.dev/themes/altum/views/index/index.php on line 117
[17-Jul-2024 19:27:54 UTC] PHP Warning:  Attempt to read property "name" on null in /home/buildit/appai.dev/themes/altum/views/index/index.php on line 117
[17-Jul-2024 19:27:54 UTC] PHP Warning:  Undefined property: stdClass::$romanian in /home/buildit/appai.dev/themes/altum/views/index/index.php on line 119
[17-Jul-2024 19:27:54 UTC] PHP Warning:  Attempt to read property "description" on null in /home/buildit/appai.dev/themes/altum/views/index/index.php on line 119
[17-Jul-2024 19:27:54 UTC] PHP Warning:  Undefined property: stdClass::$romanian in /home/buildit/appai.dev/themes/altum/views/index/index.php on line 117
[17-Jul-2024 19:27:54 UTC] PHP Warning:  Attempt to read property "name" on null in /home/buildit/appai.dev/themes/altum/views/index/index.php on line 117
[17-Jul-2024 19:27:54 UTC] PHP Warning:  Undefined property: stdClass::$romanian in /home/buildit/appai.dev/themes/altum/views/index/index.php on line 119
[17-Jul-2024 19:27:54 UTC] PHP Warning:  Attempt to read property "description" on null in /home/buildit/appai.dev/themes/altum/views/index/index.php on line 119
[17-Jul-2024 19:27:54 UTC] PHP Warning:  Undefined property: stdClass::$romanian in /home/buildit/appai.dev/themes/altum/views/index/index.php on line 117
[17-Jul-2024 19:27:54 UTC] PHP Warning:  Attempt to read property "name" on null in /home/buildit/appai.dev/themes/altum/views/index/index.php on line 117
[17-Jul-2024 19:27:54 UTC] PHP Warning:  Undefined property: stdClass::$romanian in /home/buildit/appai.dev/themes/altum/views/index/index.php on line 119
[17-Jul-2024 19:27:54 UTC] PHP Warning:  Attempt to read property "description" on null in /home/buildit/appai.dev/themes/altum/views/index/index.php on line 119
[17-Jul-2024 19:27:54 UTC] PHP Warning:  Undefined property: stdClass::$romanian in /home/buildit/appai.dev/themes/altum/views/index/index.php on line 117
[17-Jul-2024 19:27:54 UTC] PHP Warning:  Attempt to read property "name" on null in /home/buildit/appai.dev/themes/altum/views/index/index.php on line 117
[17-Jul-2024 19:27:54 UTC] PHP Warning:  Undefined property: stdClass::$romanian in /home/buildit/appai.dev/themes/altum/views/index/index.php on line 119
[17-Jul-2024 19:27:54 UTC] PHP Warning:  Attempt to read property "description" on null in /home/buildit/appai.dev/themes/altum/views/index/index.php on line 119
[17-Jul-2024 19:27:54 UTC] PHP Warning:  Undefined property: stdClass::$romanian in /home/buildit/appai.dev/themes/altum/views/index/index.php on line 117
[17-Jul-2024 19:27:54 UTC] PHP Warning:  Attempt to read property "name" on null in /home/buildit/appai.dev/themes/altum/views/index/index.php on line 117
[17-Jul-2024 19:27:54 UTC] PHP Warning:  Undefined property: stdClass::$romanian in /home/buildit/appai.dev/themes/altum/views/index/index.php on line 119
[17-Jul-2024 19:27:54 UTC] PHP Warning:  Attempt to read property "description" on null in /home/buildit/appai.dev/themes/altum/views/index/index.php on line 119
[17-Jul-2024 19:27:54 UTC] PHP Warning:  Undefined property: stdClass::$romanian in /home/buildit/appai.dev/themes/altum/views/index/index.php on line 117
[17-Jul-2024 19:27:54 UTC] PHP Warning:  Attempt to read property "name" on null in /home/buildit/appai.dev/themes/altum/views/index/index.php on line 117
[17-Jul-2024 19:27:54 UTC] PHP Warning:  Undefined property: stdClass::$romanian in /home/buildit/appai.dev/themes/altum/views/index/index.php on line 119
[17-Jul-2024 19:27:54 UTC] PHP Warning:  Attempt to read property "description" on null in /home/buildit/appai.dev/themes/altum/views/index/index.php on line 119
[17-Jul-2024 19:27:54 UTC] PHP Warning:  Undefined property: stdClass::$romanian in /home/buildit/appai.dev/themes/altum/views/index/index.php on line 117
[17-Jul-2024 19:27:54 UTC] PHP Warning:  Attempt to read property "name" on null in /home/buildit/appai.dev/themes/altum/views/index/index.php on line 117
[17-Jul-2024 19:27:54 UTC] PHP Warning:  Undefined property: stdClass::$romanian in /home/buildit/appai.dev/themes/altum/views/index/index.php on line 119
[17-Jul-2024 19:27:54 UTC] PHP Warning:  Attempt to read property "description" on null in /home/buildit/appai.dev/themes/altum/views/index/index.php on line 119
[17-Jul-2024 19:27:54 UTC] PHP Warning:  Undefined property: stdClass::$romanian in /home/buildit/appai.dev/themes/altum/views/index/index.php on line 117
[17-Jul-2024 19:27:54 UTC] PHP Warning:  Attempt to read property "name" on null in /home/buildit/appai.dev/themes/altum/views/index/index.php on line 117
[17-Jul-2024 19:27:54 UTC] PHP Warning:  Undefined property: stdClass::$romanian in /home/buildit/appai.dev/themes/altum/views/index/index.php on line 119
[17-Jul-2024 19:27:54 UTC] PHP Warning:  Attempt to read property "description" on null in /home/buildit/appai.dev/themes/altum/views/index/index.php on line 119
[17-Jul-2024 19:27:54 UTC] PHP Warning:  Undefined property: stdClass::$romanian in /home/buildit/appai.dev/themes/altum/views/index/index.php on line 117
[17-Jul-2024 19:27:54 UTC] PHP Warning:  Attempt to read property "name" on null in /home/buildit/appai.dev/themes/altum/views/index/index.php on line 117
[17-Jul-2024 19:27:54 UTC] PHP Warning:  Undefined property: stdClass::$romanian in /home/buildit/appai.dev/themes/altum/views/index/index.php on line 119
[17-Jul-2024 19:27:54 UTC] PHP Warning:  Attempt to read property "description" on null in /home/buildit/appai.dev/themes/altum/views/index/index.php on line 119
[17-Jul-2024 19:27:54 UTC] PHP Warning:  Undefined property: stdClass::$romanian in /home/buildit/appai.dev/themes/altum/views/index/index.php on line 117
[17-Jul-2024 19:27:54 UTC] PHP Warning:  Attempt to read property "name" on null in /home/buildit/appai.dev/themes/altum/views/index/index.php on line 117
[17-Jul-2024 19:27:54 UTC] PHP Warning:  Undefined property: stdClass::$romanian in /home/buildit/appai.dev/themes/altum/views/index/index.php on line 119
[17-Jul-2024 19:27:54 UTC] PHP Warning:  Attempt to read property "description" on null in /home/buildit/appai.dev/themes/altum/views/index/index.php on line 119
[17-Jul-2024 19:27:54 UTC] PHP Warning:  Undefined property: stdClass::$romanian in /home/buildit/appai.dev/themes/altum/views/index/index.php on line 117
[17-Jul-2024 19:27:54 UTC] PHP Warning:  Attempt to read property "name" on null in /home/buildit/appai.dev/themes/altum/views/index/index.php on line 117
[17-Jul-2024 19:27:54 UTC] PHP Warning:  Undefined property: stdClass::$romanian in /home/buildit/appai.dev/themes/altum/views/index/index.php on line 119
[17-Jul-2024 19:27:54 UTC] PHP Warning:  Attempt to read property "description" on null in /home/buildit/appai.dev/themes/altum/views/index/index.php on line 119
[17-Jul-2024 19:27:54 UTC] PHP Warning:  Undefined property: stdClass::$romanian in /home/buildit/appai.dev/themes/altum/views/index/index.php on line 117
[17-Jul-2024 19:27:54 UTC] PHP Warning:  Attempt to read property "name" on null in /home/buildit/appai.dev/themes/altum/views/index/index.php on line 117
[17-Jul-2024 19:27:54 UTC] PHP Warning:  Undefined property: stdClass::$romanian in /home/buildit/appai.dev/themes/altum/views/index/index.php on line 119
[17-Jul-2024 19:27:54 UTC] PHP Warning:  Attempt to read property "description" on null in /home/buildit/appai.dev/themes/altum/views/index/index.php on line 119
[17-Jul-2024 19:27:54 UTC] PHP Warning:  Undefined property: stdClass::$romanian in /home/buildit/appai.dev/themes/altum/views/index/index.php on line 117
[17-Jul-2024 19:27:54 UTC] PHP Warning:  Attempt to read property "name" on null in /home/buildit/appai.dev/themes/altum/views/index/index.php on line 117
[17-Jul-2024 19:27:54 UTC] PHP Warning:  Undefined property: stdClass::$romanian in /home/buildit/appai.dev/themes/altum/views/index/index.php on line 119
[17-Jul-2024 19:27:54 UTC] PHP Warning:  Attempt to read property "description" on null in /home/buildit/appai.dev/themes/altum/views/index/index.php on line 119
