[22-Jul-2024 03:10:05 UTC] PHP Warning:  Undefined property: stdClass::$romanian in /home/buildit/appai.dev/themes/altum/views/index/index.php on line 117
[22-Jul-2024 03:10:05 UTC] PHP Warning:  Attempt to read property "name" on null in /home/buildit/appai.dev/themes/altum/views/index/index.php on line 117
[22-Jul-2024 03:10:05 UTC] PHP Warning:  Undefined property: stdClass::$romanian in /home/buildit/appai.dev/themes/altum/views/index/index.php on line 119
[22-Jul-2024 03:10:05 UTC] PHP Warning:  Attempt to read property "description" on null in /home/buildit/appai.dev/themes/altum/views/index/index.php on line 119
[22-Jul-2024 03:10:05 UTC] PHP Warning:  Undefined property: stdClass::$romanian in /home/buildit/appai.dev/themes/altum/views/index/index.php on line 117
[22-Jul-2024 03:10:05 UTC] PHP Warning:  Attempt to read property "name" on null in /home/buildit/appai.dev/themes/altum/views/index/index.php on line 117
[22-Jul-2024 03:10:05 UTC] PHP Warning:  Undefined property: stdClass::$romanian in /home/buildit/appai.dev/themes/altum/views/index/index.php on line 119
[22-Jul-2024 03:10:05 UTC] PHP Warning:  Attempt to read property "description" on null in /home/buildit/appai.dev/themes/altum/views/index/index.php on line 119
[22-Jul-2024 03:10:05 UTC] PHP Warning:  Undefined property: stdClass::$romanian in /home/buildit/appai.dev/themes/altum/views/index/index.php on line 117
[22-Jul-2024 03:10:05 UTC] PHP Warning:  Attempt to read property "name" on null in /home/buildit/appai.dev/themes/altum/views/index/index.php on line 117
[22-Jul-2024 03:10:05 UTC] PHP Warning:  Undefined property: stdClass::$romanian in /home/buildit/appai.dev/themes/altum/views/index/index.php on line 119
[22-Jul-2024 03:10:05 UTC] PHP Warning:  Attempt to read property "description" on null in /home/buildit/appai.dev/themes/altum/views/index/index.php on line 119
[22-Jul-2024 03:10:05 UTC] PHP Warning:  Undefined property: stdClass::$romanian in /home/buildit/appai.dev/themes/altum/views/index/index.php on line 117
[22-Jul-2024 03:10:05 UTC] PHP Warning:  Attempt to read property "name" on null in /home/buildit/appai.dev/themes/altum/views/index/index.php on line 117
[22-Jul-2024 03:10:05 UTC] PHP Warning:  Undefined property: stdClass::$romanian in /home/buildit/appai.dev/themes/altum/views/index/index.php on line 119
[22-Jul-2024 03:10:05 UTC] PHP Warning:  Attempt to read property "description" on null in /home/buildit/appai.dev/themes/altum/views/index/index.php on line 119
[22-Jul-2024 03:10:05 UTC] PHP Warning:  Undefined property: stdClass::$romanian in /home/buildit/appai.dev/themes/altum/views/index/index.php on line 117
[22-Jul-2024 03:10:05 UTC] PHP Warning:  Attempt to read property "name" on null in /home/buildit/appai.dev/themes/altum/views/index/index.php on line 117
[22-Jul-2024 03:10:05 UTC] PHP Warning:  Undefined property: stdClass::$romanian in /home/buildit/appai.dev/themes/altum/views/index/index.php on line 119
[22-Jul-2024 03:10:05 UTC] PHP Warning:  Attempt to read property "description" on null in /home/buildit/appai.dev/themes/altum/views/index/index.php on line 119
[22-Jul-2024 03:10:05 UTC] PHP Warning:  Undefined property: stdClass::$romanian in /home/buildit/appai.dev/themes/altum/views/index/index.php on line 117
[22-Jul-2024 03:10:05 UTC] PHP Warning:  Attempt to read property "name" on null in /home/buildit/appai.dev/themes/altum/views/index/index.php on line 117
[22-Jul-2024 03:10:05 UTC] PHP Warning:  Undefined property: stdClass::$romanian in /home/buildit/appai.dev/themes/altum/views/index/index.php on line 119
[22-Jul-2024 03:10:05 UTC] PHP Warning:  Attempt to read property "description" on null in /home/buildit/appai.dev/themes/altum/views/index/index.php on line 119
[22-Jul-2024 03:10:05 UTC] PHP Warning:  Undefined property: stdClass::$romanian in /home/buildit/appai.dev/themes/altum/views/index/index.php on line 117
[22-Jul-2024 03:10:05 UTC] PHP Warning:  Attempt to read property "name" on null in /home/buildit/appai.dev/themes/altum/views/index/index.php on line 117
[22-Jul-2024 03:10:05 UTC] PHP Warning:  Undefined property: stdClass::$romanian in /home/buildit/appai.dev/themes/altum/views/index/index.php on line 119
[22-Jul-2024 03:10:05 UTC] PHP Warning:  Attempt to read property "description" on null in /home/buildit/appai.dev/themes/altum/views/index/index.php on line 119
[22-Jul-2024 03:10:05 UTC] PHP Warning:  Undefined property: stdClass::$romanian in /home/buildit/appai.dev/themes/altum/views/index/index.php on line 117
[22-Jul-2024 03:10:05 UTC] PHP Warning:  Attempt to read property "name" on null in /home/buildit/appai.dev/themes/altum/views/index/index.php on line 117
[22-Jul-2024 03:10:05 UTC] PHP Warning:  Undefined property: stdClass::$romanian in /home/buildit/appai.dev/themes/altum/views/index/index.php on line 119
[22-Jul-2024 03:10:05 UTC] PHP Warning:  Attempt to read property "description" on null in /home/buildit/appai.dev/themes/altum/views/index/index.php on line 119
[22-Jul-2024 03:10:05 UTC] PHP Warning:  Undefined property: stdClass::$romanian in /home/buildit/appai.dev/themes/altum/views/index/index.php on line 117
[22-Jul-2024 03:10:05 UTC] PHP Warning:  Attempt to read property "name" on null in /home/buildit/appai.dev/themes/altum/views/index/index.php on line 117
[22-Jul-2024 03:10:05 UTC] PHP Warning:  Undefined property: stdClass::$romanian in /home/buildit/appai.dev/themes/altum/views/index/index.php on line 119
[22-Jul-2024 03:10:05 UTC] PHP Warning:  Attempt to read property "description" on null in /home/buildit/appai.dev/themes/altum/views/index/index.php on line 119
[22-Jul-2024 03:10:05 UTC] PHP Warning:  Undefined property: stdClass::$romanian in /home/buildit/appai.dev/themes/altum/views/index/index.php on line 117
[22-Jul-2024 03:10:05 UTC] PHP Warning:  Attempt to read property "name" on null in /home/buildit/appai.dev/themes/altum/views/index/index.php on line 117
[22-Jul-2024 03:10:05 UTC] PHP Warning:  Undefined property: stdClass::$romanian in /home/buildit/appai.dev/themes/altum/views/index/index.php on line 119
[22-Jul-2024 03:10:05 UTC] PHP Warning:  Attempt to read property "description" on null in /home/buildit/appai.dev/themes/altum/views/index/index.php on line 119
[22-Jul-2024 03:10:05 UTC] PHP Warning:  Undefined property: stdClass::$romanian in /home/buildit/appai.dev/themes/altum/views/index/index.php on line 117
[22-Jul-2024 03:10:05 UTC] PHP Warning:  Attempt to read property "name" on null in /home/buildit/appai.dev/themes/altum/views/index/index.php on line 117
[22-Jul-2024 03:10:05 UTC] PHP Warning:  Undefined property: stdClass::$romanian in /home/buildit/appai.dev/themes/altum/views/index/index.php on line 119
[22-Jul-2024 03:10:05 UTC] PHP Warning:  Attempt to read property "description" on null in /home/buildit/appai.dev/themes/altum/views/index/index.php on line 119
[22-Jul-2024 03:10:05 UTC] PHP Warning:  Undefined property: stdClass::$romanian in /home/buildit/appai.dev/themes/altum/views/index/index.php on line 117
[22-Jul-2024 03:10:05 UTC] PHP Warning:  Attempt to read property "name" on null in /home/buildit/appai.dev/themes/altum/views/index/index.php on line 117
[22-Jul-2024 03:10:05 UTC] PHP Warning:  Undefined property: stdClass::$romanian in /home/buildit/appai.dev/themes/altum/views/index/index.php on line 119
[22-Jul-2024 03:10:05 UTC] PHP Warning:  Attempt to read property "description" on null in /home/buildit/appai.dev/themes/altum/views/index/index.php on line 119
[22-Jul-2024 03:10:05 UTC] PHP Warning:  Undefined property: stdClass::$romanian in /home/buildit/appai.dev/themes/altum/views/index/index.php on line 117
[22-Jul-2024 03:10:05 UTC] PHP Warning:  Attempt to read property "name" on null in /home/buildit/appai.dev/themes/altum/views/index/index.php on line 117
[22-Jul-2024 03:10:05 UTC] PHP Warning:  Undefined property: stdClass::$romanian in /home/buildit/appai.dev/themes/altum/views/index/index.php on line 119
[22-Jul-2024 03:10:05 UTC] PHP Warning:  Attempt to read property "description" on null in /home/buildit/appai.dev/themes/altum/views/index/index.php on line 119
[22-Jul-2024 03:10:05 UTC] PHP Warning:  Undefined property: stdClass::$romanian in /home/buildit/appai.dev/themes/altum/views/index/index.php on line 117
[22-Jul-2024 03:10:05 UTC] PHP Warning:  Attempt to read property "name" on null in /home/buildit/appai.dev/themes/altum/views/index/index.php on line 117
[22-Jul-2024 03:10:05 UTC] PHP Warning:  Undefined property: stdClass::$romanian in /home/buildit/appai.dev/themes/altum/views/index/index.php on line 119
[22-Jul-2024 03:10:05 UTC] PHP Warning:  Attempt to read property "description" on null in /home/buildit/appai.dev/themes/altum/views/index/index.php on line 119
[22-Jul-2024 03:10:05 UTC] PHP Warning:  Undefined property: stdClass::$romanian in /home/buildit/appai.dev/themes/altum/views/index/index.php on line 117
[22-Jul-2024 03:10:05 UTC] PHP Warning:  Attempt to read property "name" on null in /home/buildit/appai.dev/themes/altum/views/index/index.php on line 117
[22-Jul-2024 03:10:05 UTC] PHP Warning:  Undefined property: stdClass::$romanian in /home/buildit/appai.dev/themes/altum/views/index/index.php on line 119
[22-Jul-2024 03:10:05 UTC] PHP Warning:  Attempt to read property "description" on null in /home/buildit/appai.dev/themes/altum/views/index/index.php on line 119
[22-Jul-2024 03:10:05 UTC] PHP Warning:  Undefined property: stdClass::$romanian in /home/buildit/appai.dev/themes/altum/views/index/index.php on line 117
[22-Jul-2024 03:10:05 UTC] PHP Warning:  Attempt to read property "name" on null in /home/buildit/appai.dev/themes/altum/views/index/index.php on line 117
[22-Jul-2024 03:10:05 UTC] PHP Warning:  Undefined property: stdClass::$romanian in /home/buildit/appai.dev/themes/altum/views/index/index.php on line 119
[22-Jul-2024 03:10:05 UTC] PHP Warning:  Attempt to read property "description" on null in /home/buildit/appai.dev/themes/altum/views/index/index.php on line 119
[22-Jul-2024 03:10:05 UTC] PHP Warning:  Undefined property: stdClass::$romanian in /home/buildit/appai.dev/themes/altum/views/index/index.php on line 117
[22-Jul-2024 03:10:05 UTC] PHP Warning:  Attempt to read property "name" on null in /home/buildit/appai.dev/themes/altum/views/index/index.php on line 117
[22-Jul-2024 03:10:05 UTC] PHP Warning:  Undefined property: stdClass::$romanian in /home/buildit/appai.dev/themes/altum/views/index/index.php on line 119
[22-Jul-2024 03:10:05 UTC] PHP Warning:  Attempt to read property "description" on null in /home/buildit/appai.dev/themes/altum/views/index/index.php on line 119
[22-Jul-2024 03:10:05 UTC] PHP Warning:  Undefined property: stdClass::$romanian in /home/buildit/appai.dev/themes/altum/views/index/index.php on line 117
[22-Jul-2024 03:10:05 UTC] PHP Warning:  Attempt to read property "name" on null in /home/buildit/appai.dev/themes/altum/views/index/index.php on line 117
[22-Jul-2024 03:10:05 UTC] PHP Warning:  Undefined property: stdClass::$romanian in /home/buildit/appai.dev/themes/altum/views/index/index.php on line 119
[22-Jul-2024 03:10:05 UTC] PHP Warning:  Attempt to read property "description" on null in /home/buildit/appai.dev/themes/altum/views/index/index.php on line 119
[22-Jul-2024 03:10:05 UTC] PHP Warning:  Undefined property: stdClass::$romanian in /home/buildit/appai.dev/themes/altum/views/index/index.php on line 117
[22-Jul-2024 03:10:05 UTC] PHP Warning:  Attempt to read property "name" on null in /home/buildit/appai.dev/themes/altum/views/index/index.php on line 117
[22-Jul-2024 03:10:05 UTC] PHP Warning:  Undefined property: stdClass::$romanian in /home/buildit/appai.dev/themes/altum/views/index/index.php on line 119
[22-Jul-2024 03:10:05 UTC] PHP Warning:  Attempt to read property "description" on null in /home/buildit/appai.dev/themes/altum/views/index/index.php on line 119
[22-Jul-2024 03:10:05 UTC] PHP Warning:  Undefined property: stdClass::$romanian in /home/buildit/appai.dev/themes/altum/views/index/index.php on line 117
[22-Jul-2024 03:10:05 UTC] PHP Warning:  Attempt to read property "name" on null in /home/buildit/appai.dev/themes/altum/views/index/index.php on line 117
[22-Jul-2024 03:10:05 UTC] PHP Warning:  Undefined property: stdClass::$romanian in /home/buildit/appai.dev/themes/altum/views/index/index.php on line 119
[22-Jul-2024 03:10:05 UTC] PHP Warning:  Attempt to read property "description" on null in /home/buildit/appai.dev/themes/altum/views/index/index.php on line 119
[22-Jul-2024 03:10:05 UTC] PHP Warning:  Undefined property: stdClass::$romanian in /home/buildit/appai.dev/themes/altum/views/index/index.php on line 117
[22-Jul-2024 03:10:05 UTC] PHP Warning:  Attempt to read property "name" on null in /home/buildit/appai.dev/themes/altum/views/index/index.php on line 117
[22-Jul-2024 03:10:05 UTC] PHP Warning:  Undefined property: stdClass::$romanian in /home/buildit/appai.dev/themes/altum/views/index/index.php on line 119
[22-Jul-2024 03:10:05 UTC] PHP Warning:  Attempt to read property "description" on null in /home/buildit/appai.dev/themes/altum/views/index/index.php on line 119
[22-Jul-2024 03:10:05 UTC] PHP Warning:  Undefined property: stdClass::$romanian in /home/buildit/appai.dev/themes/altum/views/index/index.php on line 117
[22-Jul-2024 03:10:05 UTC] PHP Warning:  Attempt to read property "name" on null in /home/buildit/appai.dev/themes/altum/views/index/index.php on line 117
[22-Jul-2024 03:10:05 UTC] PHP Warning:  Undefined property: stdClass::$romanian in /home/buildit/appai.dev/themes/altum/views/index/index.php on line 119
[22-Jul-2024 03:10:05 UTC] PHP Warning:  Attempt to read property "description" on null in /home/buildit/appai.dev/themes/altum/views/index/index.php on line 119
[22-Jul-2024 03:10:05 UTC] PHP Warning:  Undefined property: stdClass::$romanian in /home/buildit/appai.dev/themes/altum/views/index/index.php on line 117
[22-Jul-2024 03:10:05 UTC] PHP Warning:  Attempt to read property "name" on null in /home/buildit/appai.dev/themes/altum/views/index/index.php on line 117
[22-Jul-2024 03:10:05 UTC] PHP Warning:  Undefined property: stdClass::$romanian in /home/buildit/appai.dev/themes/altum/views/index/index.php on line 119
[22-Jul-2024 03:10:05 UTC] PHP Warning:  Attempt to read property "description" on null in /home/buildit/appai.dev/themes/altum/views/index/index.php on line 119
[22-Jul-2024 03:10:05 UTC] PHP Warning:  Undefined property: stdClass::$romanian in /home/buildit/appai.dev/themes/altum/views/index/index.php on line 117
[22-Jul-2024 03:10:05 UTC] PHP Warning:  Attempt to read property "name" on null in /home/buildit/appai.dev/themes/altum/views/index/index.php on line 117
[22-Jul-2024 03:10:05 UTC] PHP Warning:  Undefined property: stdClass::$romanian in /home/buildit/appai.dev/themes/altum/views/index/index.php on line 119
[22-Jul-2024 03:10:05 UTC] PHP Warning:  Attempt to read property "description" on null in /home/buildit/appai.dev/themes/altum/views/index/index.php on line 119
[22-Jul-2024 03:10:05 UTC] PHP Warning:  Undefined property: stdClass::$romanian in /home/buildit/appai.dev/themes/altum/views/index/index.php on line 117
[22-Jul-2024 03:10:05 UTC] PHP Warning:  Attempt to read property "name" on null in /home/buildit/appai.dev/themes/altum/views/index/index.php on line 117
[22-Jul-2024 03:10:05 UTC] PHP Warning:  Undefined property: stdClass::$romanian in /home/buildit/appai.dev/themes/altum/views/index/index.php on line 119
[22-Jul-2024 03:10:05 UTC] PHP Warning:  Attempt to read property "description" on null in /home/buildit/appai.dev/themes/altum/views/index/index.php on line 119
[22-Jul-2024 03:10:05 UTC] PHP Warning:  Undefined property: stdClass::$romanian in /home/buildit/appai.dev/themes/altum/views/index/index.php on line 117
[22-Jul-2024 03:10:05 UTC] PHP Warning:  Attempt to read property "name" on null in /home/buildit/appai.dev/themes/altum/views/index/index.php on line 117
[22-Jul-2024 03:10:05 UTC] PHP Warning:  Undefined property: stdClass::$romanian in /home/buildit/appai.dev/themes/altum/views/index/index.php on line 119
[22-Jul-2024 03:10:05 UTC] PHP Warning:  Attempt to read property "description" on null in /home/buildit/appai.dev/themes/altum/views/index/index.php on line 119
[22-Jul-2024 03:10:05 UTC] PHP Warning:  Undefined property: stdClass::$romanian in /home/buildit/appai.dev/themes/altum/views/index/index.php on line 117
[22-Jul-2024 03:10:05 UTC] PHP Warning:  Attempt to read property "name" on null in /home/buildit/appai.dev/themes/altum/views/index/index.php on line 117
[22-Jul-2024 03:10:05 UTC] PHP Warning:  Undefined property: stdClass::$romanian in /home/buildit/appai.dev/themes/altum/views/index/index.php on line 119
[22-Jul-2024 03:10:05 UTC] PHP Warning:  Attempt to read property "description" on null in /home/buildit/appai.dev/themes/altum/views/index/index.php on line 119
[22-Jul-2024 03:10:05 UTC] PHP Warning:  Undefined property: stdClass::$romanian in /home/buildit/appai.dev/themes/altum/views/index/index.php on line 117
[22-Jul-2024 03:10:05 UTC] PHP Warning:  Attempt to read property "name" on null in /home/buildit/appai.dev/themes/altum/views/index/index.php on line 117
[22-Jul-2024 03:10:05 UTC] PHP Warning:  Undefined property: stdClass::$romanian in /home/buildit/appai.dev/themes/altum/views/index/index.php on line 119
[22-Jul-2024 03:10:05 UTC] PHP Warning:  Attempt to read property "description" on null in /home/buildit/appai.dev/themes/altum/views/index/index.php on line 119
[22-Jul-2024 03:10:05 UTC] PHP Warning:  Undefined property: stdClass::$romanian in /home/buildit/appai.dev/themes/altum/views/index/index.php on line 117
[22-Jul-2024 03:10:05 UTC] PHP Warning:  Attempt to read property "name" on null in /home/buildit/appai.dev/themes/altum/views/index/index.php on line 117
[22-Jul-2024 03:10:05 UTC] PHP Warning:  Undefined property: stdClass::$romanian in /home/buildit/appai.dev/themes/altum/views/index/index.php on line 119
[22-Jul-2024 03:10:05 UTC] PHP Warning:  Attempt to read property "description" on null in /home/buildit/appai.dev/themes/altum/views/index/index.php on line 119
[22-Jul-2024 03:10:05 UTC] PHP Warning:  Undefined property: stdClass::$romanian in /home/buildit/appai.dev/themes/altum/views/index/index.php on line 117
[22-Jul-2024 03:10:05 UTC] PHP Warning:  Attempt to read property "name" on null in /home/buildit/appai.dev/themes/altum/views/index/index.php on line 117
[22-Jul-2024 03:10:05 UTC] PHP Warning:  Undefined property: stdClass::$romanian in /home/buildit/appai.dev/themes/altum/views/index/index.php on line 119
[22-Jul-2024 03:10:05 UTC] PHP Warning:  Attempt to read property "description" on null in /home/buildit/appai.dev/themes/altum/views/index/index.php on line 119
[22-Jul-2024 03:10:05 UTC] PHP Warning:  Undefined property: stdClass::$romanian in /home/buildit/appai.dev/themes/altum/views/index/index.php on line 117
[22-Jul-2024 03:10:05 UTC] PHP Warning:  Attempt to read property "name" on null in /home/buildit/appai.dev/themes/altum/views/index/index.php on line 117
[22-Jul-2024 03:10:05 UTC] PHP Warning:  Undefined property: stdClass::$romanian in /home/buildit/appai.dev/themes/altum/views/index/index.php on line 119
[22-Jul-2024 03:10:05 UTC] PHP Warning:  Attempt to read property "description" on null in /home/buildit/appai.dev/themes/altum/views/index/index.php on line 119
[22-Jul-2024 03:10:05 UTC] PHP Warning:  Undefined property: stdClass::$romanian in /home/buildit/appai.dev/themes/altum/views/index/index.php on line 117
[22-Jul-2024 03:10:05 UTC] PHP Warning:  Attempt to read property "name" on null in /home/buildit/appai.dev/themes/altum/views/index/index.php on line 117
[22-Jul-2024 03:10:05 UTC] PHP Warning:  Undefined property: stdClass::$romanian in /home/buildit/appai.dev/themes/altum/views/index/index.php on line 119
[22-Jul-2024 03:10:05 UTC] PHP Warning:  Attempt to read property "description" on null in /home/buildit/appai.dev/themes/altum/views/index/index.php on line 119
[22-Jul-2024 03:10:05 UTC] PHP Warning:  Undefined property: stdClass::$romanian in /home/buildit/appai.dev/themes/altum/views/index/index.php on line 117
[22-Jul-2024 03:10:05 UTC] PHP Warning:  Attempt to read property "name" on null in /home/buildit/appai.dev/themes/altum/views/index/index.php on line 117
[22-Jul-2024 03:10:05 UTC] PHP Warning:  Undefined property: stdClass::$romanian in /home/buildit/appai.dev/themes/altum/views/index/index.php on line 119
[22-Jul-2024 03:10:05 UTC] PHP Warning:  Attempt to read property "description" on null in /home/buildit/appai.dev/themes/altum/views/index/index.php on line 119
[22-Jul-2024 03:10:05 UTC] PHP Warning:  Undefined property: stdClass::$romanian in /home/buildit/appai.dev/themes/altum/views/index/index.php on line 117
[22-Jul-2024 03:10:05 UTC] PHP Warning:  Attempt to read property "name" on null in /home/buildit/appai.dev/themes/altum/views/index/index.php on line 117
[22-Jul-2024 03:10:05 UTC] PHP Warning:  Undefined property: stdClass::$romanian in /home/buildit/appai.dev/themes/altum/views/index/index.php on line 119
[22-Jul-2024 03:10:05 UTC] PHP Warning:  Attempt to read property "description" on null in /home/buildit/appai.dev/themes/altum/views/index/index.php on line 119
[22-Jul-2024 03:10:05 UTC] PHP Warning:  Undefined property: stdClass::$romanian in /home/buildit/appai.dev/themes/altum/views/index/index.php on line 117
[22-Jul-2024 03:10:05 UTC] PHP Warning:  Attempt to read property "name" on null in /home/buildit/appai.dev/themes/altum/views/index/index.php on line 117
[22-Jul-2024 03:10:05 UTC] PHP Warning:  Undefined property: stdClass::$romanian in /home/buildit/appai.dev/themes/altum/views/index/index.php on line 119
[22-Jul-2024 03:10:05 UTC] PHP Warning:  Attempt to read property "description" on null in /home/buildit/appai.dev/themes/altum/views/index/index.php on line 119
[22-Jul-2024 03:10:05 UTC] PHP Warning:  Undefined property: stdClass::$romanian in /home/buildit/appai.dev/themes/altum/views/index/index.php on line 117
[22-Jul-2024 03:10:05 UTC] PHP Warning:  Attempt to read property "name" on null in /home/buildit/appai.dev/themes/altum/views/index/index.php on line 117
[22-Jul-2024 03:10:05 UTC] PHP Warning:  Undefined property: stdClass::$romanian in /home/buildit/appai.dev/themes/altum/views/index/index.php on line 119
[22-Jul-2024 03:10:05 UTC] PHP Warning:  Attempt to read property "description" on null in /home/buildit/appai.dev/themes/altum/views/index/index.php on line 119
[22-Jul-2024 03:10:05 UTC] PHP Warning:  Undefined property: stdClass::$romanian in /home/buildit/appai.dev/themes/altum/views/index/index.php on line 117
[22-Jul-2024 03:10:05 UTC] PHP Warning:  Attempt to read property "name" on null in /home/buildit/appai.dev/themes/altum/views/index/index.php on line 117
[22-Jul-2024 03:10:05 UTC] PHP Warning:  Undefined property: stdClass::$romanian in /home/buildit/appai.dev/themes/altum/views/index/index.php on line 119
[22-Jul-2024 03:10:05 UTC] PHP Warning:  Attempt to read property "description" on null in /home/buildit/appai.dev/themes/altum/views/index/index.php on line 119
[22-Jul-2024 03:10:05 UTC] PHP Warning:  Undefined property: stdClass::$romanian in /home/buildit/appai.dev/themes/altum/views/index/index.php on line 117
[22-Jul-2024 03:10:05 UTC] PHP Warning:  Attempt to read property "name" on null in /home/buildit/appai.dev/themes/altum/views/index/index.php on line 117
[22-Jul-2024 03:10:05 UTC] PHP Warning:  Undefined property: stdClass::$romanian in /home/buildit/appai.dev/themes/altum/views/index/index.php on line 119
[22-Jul-2024 03:10:05 UTC] PHP Warning:  Attempt to read property "description" on null in /home/buildit/appai.dev/themes/altum/views/index/index.php on line 119
[22-Jul-2024 03:10:05 UTC] PHP Warning:  Undefined property: stdClass::$romanian in /home/buildit/appai.dev/themes/altum/views/index/index.php on line 117
[22-Jul-2024 03:10:05 UTC] PHP Warning:  Attempt to read property "name" on null in /home/buildit/appai.dev/themes/altum/views/index/index.php on line 117
[22-Jul-2024 03:10:05 UTC] PHP Warning:  Undefined property: stdClass::$romanian in /home/buildit/appai.dev/themes/altum/views/index/index.php on line 119
[22-Jul-2024 03:10:05 UTC] PHP Warning:  Attempt to read property "description" on null in /home/buildit/appai.dev/themes/altum/views/index/index.php on line 119
[22-Jul-2024 03:10:05 UTC] PHP Warning:  Undefined property: stdClass::$romanian in /home/buildit/appai.dev/themes/altum/views/index/index.php on line 117
[22-Jul-2024 03:10:05 UTC] PHP Warning:  Attempt to read property "name" on null in /home/buildit/appai.dev/themes/altum/views/index/index.php on line 117
[22-Jul-2024 03:10:05 UTC] PHP Warning:  Undefined property: stdClass::$romanian in /home/buildit/appai.dev/themes/altum/views/index/index.php on line 119
[22-Jul-2024 03:10:05 UTC] PHP Warning:  Attempt to read property "description" on null in /home/buildit/appai.dev/themes/altum/views/index/index.php on line 119
[22-Jul-2024 03:10:05 UTC] PHP Warning:  Undefined property: stdClass::$romanian in /home/buildit/appai.dev/themes/altum/views/index/index.php on line 117
[22-Jul-2024 03:10:05 UTC] PHP Warning:  Attempt to read property "name" on null in /home/buildit/appai.dev/themes/altum/views/index/index.php on line 117
[22-Jul-2024 03:10:05 UTC] PHP Warning:  Undefined property: stdClass::$romanian in /home/buildit/appai.dev/themes/altum/views/index/index.php on line 119
[22-Jul-2024 03:10:05 UTC] PHP Warning:  Attempt to read property "description" on null in /home/buildit/appai.dev/themes/altum/views/index/index.php on line 119
[22-Jul-2024 03:10:05 UTC] PHP Warning:  Undefined property: stdClass::$romanian in /home/buildit/appai.dev/themes/altum/views/index/index.php on line 117
[22-Jul-2024 03:10:05 UTC] PHP Warning:  Attempt to read property "name" on null in /home/buildit/appai.dev/themes/altum/views/index/index.php on line 117
[22-Jul-2024 03:10:05 UTC] PHP Warning:  Undefined property: stdClass::$romanian in /home/buildit/appai.dev/themes/altum/views/index/index.php on line 119
[22-Jul-2024 03:10:05 UTC] PHP Warning:  Attempt to read property "description" on null in /home/buildit/appai.dev/themes/altum/views/index/index.php on line 119
[22-Jul-2024 03:10:05 UTC] PHP Warning:  Undefined property: stdClass::$romanian in /home/buildit/appai.dev/themes/altum/views/index/index.php on line 117
[22-Jul-2024 03:10:05 UTC] PHP Warning:  Attempt to read property "name" on null in /home/buildit/appai.dev/themes/altum/views/index/index.php on line 117
[22-Jul-2024 03:10:05 UTC] PHP Warning:  Undefined property: stdClass::$romanian in /home/buildit/appai.dev/themes/altum/views/index/index.php on line 119
[22-Jul-2024 03:10:05 UTC] PHP Warning:  Attempt to read property "description" on null in /home/buildit/appai.dev/themes/altum/views/index/index.php on line 119
[22-Jul-2024 03:10:05 UTC] PHP Warning:  Undefined property: stdClass::$romanian in /home/buildit/appai.dev/themes/altum/views/index/index.php on line 117
[22-Jul-2024 03:10:05 UTC] PHP Warning:  Attempt to read property "name" on null in /home/buildit/appai.dev/themes/altum/views/index/index.php on line 117
[22-Jul-2024 03:10:05 UTC] PHP Warning:  Undefined property: stdClass::$romanian in /home/buildit/appai.dev/themes/altum/views/index/index.php on line 119
[22-Jul-2024 03:10:05 UTC] PHP Warning:  Attempt to read property "description" on null in /home/buildit/appai.dev/themes/altum/views/index/index.php on line 119
[22-Jul-2024 03:10:05 UTC] PHP Warning:  Undefined property: stdClass::$romanian in /home/buildit/appai.dev/themes/altum/views/index/index.php on line 117
[22-Jul-2024 03:10:05 UTC] PHP Warning:  Attempt to read property "name" on null in /home/buildit/appai.dev/themes/altum/views/index/index.php on line 117
[22-Jul-2024 03:10:05 UTC] PHP Warning:  Undefined property: stdClass::$romanian in /home/buildit/appai.dev/themes/altum/views/index/index.php on line 119
[22-Jul-2024 03:10:05 UTC] PHP Warning:  Attempt to read property "description" on null in /home/buildit/appai.dev/themes/altum/views/index/index.php on line 119
[22-Jul-2024 03:10:05 UTC] PHP Warning:  Undefined property: stdClass::$romanian in /home/buildit/appai.dev/themes/altum/views/index/index.php on line 117
[22-Jul-2024 03:10:05 UTC] PHP Warning:  Attempt to read property "name" on null in /home/buildit/appai.dev/themes/altum/views/index/index.php on line 117
[22-Jul-2024 03:10:05 UTC] PHP Warning:  Undefined property: stdClass::$romanian in /home/buildit/appai.dev/themes/altum/views/index/index.php on line 119
[22-Jul-2024 03:10:05 UTC] PHP Warning:  Attempt to read property "description" on null in /home/buildit/appai.dev/themes/altum/views/index/index.php on line 119
[22-Jul-2024 03:10:05 UTC] PHP Warning:  Undefined property: stdClass::$romanian in /home/buildit/appai.dev/themes/altum/views/index/index.php on line 117
[22-Jul-2024 03:10:05 UTC] PHP Warning:  Attempt to read property "name" on null in /home/buildit/appai.dev/themes/altum/views/index/index.php on line 117
[22-Jul-2024 03:10:05 UTC] PHP Warning:  Undefined property: stdClass::$romanian in /home/buildit/appai.dev/themes/altum/views/index/index.php on line 119
[22-Jul-2024 03:10:05 UTC] PHP Warning:  Attempt to read property "description" on null in /home/buildit/appai.dev/themes/altum/views/index/index.php on line 119
[22-Jul-2024 03:10:05 UTC] PHP Warning:  Undefined property: stdClass::$romanian in /home/buildit/appai.dev/themes/altum/views/index/index.php on line 117
[22-Jul-2024 03:10:05 UTC] PHP Warning:  Attempt to read property "name" on null in /home/buildit/appai.dev/themes/altum/views/index/index.php on line 117
[22-Jul-2024 03:10:05 UTC] PHP Warning:  Undefined property: stdClass::$romanian in /home/buildit/appai.dev/themes/altum/views/index/index.php on line 119
[22-Jul-2024 03:10:05 UTC] PHP Warning:  Attempt to read property "description" on null in /home/buildit/appai.dev/themes/altum/views/index/index.php on line 119
[22-Jul-2024 03:10:05 UTC] PHP Warning:  Undefined property: stdClass::$romanian in /home/buildit/appai.dev/themes/altum/views/index/index.php on line 117
[22-Jul-2024 03:10:05 UTC] PHP Warning:  Attempt to read property "name" on null in /home/buildit/appai.dev/themes/altum/views/index/index.php on line 117
[22-Jul-2024 03:10:05 UTC] PHP Warning:  Undefined property: stdClass::$romanian in /home/buildit/appai.dev/themes/altum/views/index/index.php on line 119
[22-Jul-2024 03:10:05 UTC] PHP Warning:  Attempt to read property "description" on null in /home/buildit/appai.dev/themes/altum/views/index/index.php on line 119
[22-Jul-2024 03:10:05 UTC] PHP Warning:  Undefined property: stdClass::$romanian in /home/buildit/appai.dev/themes/altum/views/index/index.php on line 117
[22-Jul-2024 03:10:05 UTC] PHP Warning:  Attempt to read property "name" on null in /home/buildit/appai.dev/themes/altum/views/index/index.php on line 117
[22-Jul-2024 03:10:05 UTC] PHP Warning:  Undefined property: stdClass::$romanian in /home/buildit/appai.dev/themes/altum/views/index/index.php on line 119
[22-Jul-2024 03:10:05 UTC] PHP Warning:  Attempt to read property "description" on null in /home/buildit/appai.dev/themes/altum/views/index/index.php on line 119
[22-Jul-2024 11:15:34 UTC] PHP Deprecated:  json_decode(): Passing null to parameter #1 ($json) of type string is deprecated in /home/buildit/appai.dev/app/models/User.php on line 74
[22-Jul-2024 18:40:04 UTC] PHP Warning:  Undefined property: stdClass::$romanian in /home/buildit/appai.dev/themes/altum/views/index/index.php on line 117
[22-Jul-2024 18:40:04 UTC] PHP Warning:  Attempt to read property "name" on null in /home/buildit/appai.dev/themes/altum/views/index/index.php on line 117
[22-Jul-2024 18:40:04 UTC] PHP Warning:  Undefined property: stdClass::$romanian in /home/buildit/appai.dev/themes/altum/views/index/index.php on line 119
[22-Jul-2024 18:40:04 UTC] PHP Warning:  Attempt to read property "description" on null in /home/buildit/appai.dev/themes/altum/views/index/index.php on line 119
[22-Jul-2024 18:40:04 UTC] PHP Warning:  Undefined property: stdClass::$romanian in /home/buildit/appai.dev/themes/altum/views/index/index.php on line 117
[22-Jul-2024 18:40:04 UTC] PHP Warning:  Attempt to read property "name" on null in /home/buildit/appai.dev/themes/altum/views/index/index.php on line 117
[22-Jul-2024 18:40:04 UTC] PHP Warning:  Undefined property: stdClass::$romanian in /home/buildit/appai.dev/themes/altum/views/index/index.php on line 119
[22-Jul-2024 18:40:04 UTC] PHP Warning:  Attempt to read property "description" on null in /home/buildit/appai.dev/themes/altum/views/index/index.php on line 119
[22-Jul-2024 18:40:04 UTC] PHP Warning:  Undefined property: stdClass::$romanian in /home/buildit/appai.dev/themes/altum/views/index/index.php on line 117
[22-Jul-2024 18:40:04 UTC] PHP Warning:  Attempt to read property "name" on null in /home/buildit/appai.dev/themes/altum/views/index/index.php on line 117
[22-Jul-2024 18:40:04 UTC] PHP Warning:  Undefined property: stdClass::$romanian in /home/buildit/appai.dev/themes/altum/views/index/index.php on line 119
[22-Jul-2024 18:40:04 UTC] PHP Warning:  Attempt to read property "description" on null in /home/buildit/appai.dev/themes/altum/views/index/index.php on line 119
[22-Jul-2024 18:40:04 UTC] PHP Warning:  Undefined property: stdClass::$romanian in /home/buildit/appai.dev/themes/altum/views/index/index.php on line 117
[22-Jul-2024 18:40:04 UTC] PHP Warning:  Attempt to read property "name" on null in /home/buildit/appai.dev/themes/altum/views/index/index.php on line 117
[22-Jul-2024 18:40:04 UTC] PHP Warning:  Undefined property: stdClass::$romanian in /home/buildit/appai.dev/themes/altum/views/index/index.php on line 119
[22-Jul-2024 18:40:04 UTC] PHP Warning:  Attempt to read property "description" on null in /home/buildit/appai.dev/themes/altum/views/index/index.php on line 119
[22-Jul-2024 18:40:04 UTC] PHP Warning:  Undefined property: stdClass::$romanian in /home/buildit/appai.dev/themes/altum/views/index/index.php on line 117
[22-Jul-2024 18:40:04 UTC] PHP Warning:  Attempt to read property "name" on null in /home/buildit/appai.dev/themes/altum/views/index/index.php on line 117
[22-Jul-2024 18:40:04 UTC] PHP Warning:  Undefined property: stdClass::$romanian in /home/buildit/appai.dev/themes/altum/views/index/index.php on line 119
[22-Jul-2024 18:40:04 UTC] PHP Warning:  Attempt to read property "description" on null in /home/buildit/appai.dev/themes/altum/views/index/index.php on line 119
[22-Jul-2024 18:40:04 UTC] PHP Warning:  Undefined property: stdClass::$romanian in /home/buildit/appai.dev/themes/altum/views/index/index.php on line 117
[22-Jul-2024 18:40:04 UTC] PHP Warning:  Attempt to read property "name" on null in /home/buildit/appai.dev/themes/altum/views/index/index.php on line 117
[22-Jul-2024 18:40:04 UTC] PHP Warning:  Undefined property: stdClass::$romanian in /home/buildit/appai.dev/themes/altum/views/index/index.php on line 119
[22-Jul-2024 18:40:04 UTC] PHP Warning:  Attempt to read property "description" on null in /home/buildit/appai.dev/themes/altum/views/index/index.php on line 119
[22-Jul-2024 18:40:04 UTC] PHP Warning:  Undefined property: stdClass::$romanian in /home/buildit/appai.dev/themes/altum/views/index/index.php on line 117
[22-Jul-2024 18:40:04 UTC] PHP Warning:  Attempt to read property "name" on null in /home/buildit/appai.dev/themes/altum/views/index/index.php on line 117
[22-Jul-2024 18:40:04 UTC] PHP Warning:  Undefined property: stdClass::$romanian in /home/buildit/appai.dev/themes/altum/views/index/index.php on line 119
[22-Jul-2024 18:40:04 UTC] PHP Warning:  Attempt to read property "description" on null in /home/buildit/appai.dev/themes/altum/views/index/index.php on line 119
[22-Jul-2024 18:40:04 UTC] PHP Warning:  Undefined property: stdClass::$romanian in /home/buildit/appai.dev/themes/altum/views/index/index.php on line 117
[22-Jul-2024 18:40:04 UTC] PHP Warning:  Attempt to read property "name" on null in /home/buildit/appai.dev/themes/altum/views/index/index.php on line 117
[22-Jul-2024 18:40:04 UTC] PHP Warning:  Undefined property: stdClass::$romanian in /home/buildit/appai.dev/themes/altum/views/index/index.php on line 119
[22-Jul-2024 18:40:04 UTC] PHP Warning:  Attempt to read property "description" on null in /home/buildit/appai.dev/themes/altum/views/index/index.php on line 119
[22-Jul-2024 18:40:04 UTC] PHP Warning:  Undefined property: stdClass::$romanian in /home/buildit/appai.dev/themes/altum/views/index/index.php on line 117
[22-Jul-2024 18:40:04 UTC] PHP Warning:  Attempt to read property "name" on null in /home/buildit/appai.dev/themes/altum/views/index/index.php on line 117
[22-Jul-2024 18:40:04 UTC] PHP Warning:  Undefined property: stdClass::$romanian in /home/buildit/appai.dev/themes/altum/views/index/index.php on line 119
[22-Jul-2024 18:40:04 UTC] PHP Warning:  Attempt to read property "description" on null in /home/buildit/appai.dev/themes/altum/views/index/index.php on line 119
[22-Jul-2024 18:40:04 UTC] PHP Warning:  Undefined property: stdClass::$romanian in /home/buildit/appai.dev/themes/altum/views/index/index.php on line 117
[22-Jul-2024 18:40:04 UTC] PHP Warning:  Attempt to read property "name" on null in /home/buildit/appai.dev/themes/altum/views/index/index.php on line 117
[22-Jul-2024 18:40:04 UTC] PHP Warning:  Undefined property: stdClass::$romanian in /home/buildit/appai.dev/themes/altum/views/index/index.php on line 119
[22-Jul-2024 18:40:04 UTC] PHP Warning:  Attempt to read property "description" on null in /home/buildit/appai.dev/themes/altum/views/index/index.php on line 119
[22-Jul-2024 18:40:04 UTC] PHP Warning:  Undefined property: stdClass::$romanian in /home/buildit/appai.dev/themes/altum/views/index/index.php on line 117
[22-Jul-2024 18:40:04 UTC] PHP Warning:  Attempt to read property "name" on null in /home/buildit/appai.dev/themes/altum/views/index/index.php on line 117
[22-Jul-2024 18:40:04 UTC] PHP Warning:  Undefined property: stdClass::$romanian in /home/buildit/appai.dev/themes/altum/views/index/index.php on line 119
[22-Jul-2024 18:40:04 UTC] PHP Warning:  Attempt to read property "description" on null in /home/buildit/appai.dev/themes/altum/views/index/index.php on line 119
[22-Jul-2024 18:40:04 UTC] PHP Warning:  Undefined property: stdClass::$romanian in /home/buildit/appai.dev/themes/altum/views/index/index.php on line 117
[22-Jul-2024 18:40:04 UTC] PHP Warning:  Attempt to read property "name" on null in /home/buildit/appai.dev/themes/altum/views/index/index.php on line 117
[22-Jul-2024 18:40:04 UTC] PHP Warning:  Undefined property: stdClass::$romanian in /home/buildit/appai.dev/themes/altum/views/index/index.php on line 119
[22-Jul-2024 18:40:04 UTC] PHP Warning:  Attempt to read property "description" on null in /home/buildit/appai.dev/themes/altum/views/index/index.php on line 119
[22-Jul-2024 18:40:04 UTC] PHP Warning:  Undefined property: stdClass::$romanian in /home/buildit/appai.dev/themes/altum/views/index/index.php on line 117
[22-Jul-2024 18:40:04 UTC] PHP Warning:  Attempt to read property "name" on null in /home/buildit/appai.dev/themes/altum/views/index/index.php on line 117
[22-Jul-2024 18:40:04 UTC] PHP Warning:  Undefined property: stdClass::$romanian in /home/buildit/appai.dev/themes/altum/views/index/index.php on line 119
[22-Jul-2024 18:40:04 UTC] PHP Warning:  Attempt to read property "description" on null in /home/buildit/appai.dev/themes/altum/views/index/index.php on line 119
[22-Jul-2024 18:40:04 UTC] PHP Warning:  Undefined property: stdClass::$romanian in /home/buildit/appai.dev/themes/altum/views/index/index.php on line 117
[22-Jul-2024 18:40:04 UTC] PHP Warning:  Attempt to read property "name" on null in /home/buildit/appai.dev/themes/altum/views/index/index.php on line 117
[22-Jul-2024 18:40:04 UTC] PHP Warning:  Undefined property: stdClass::$romanian in /home/buildit/appai.dev/themes/altum/views/index/index.php on line 119
[22-Jul-2024 18:40:04 UTC] PHP Warning:  Attempt to read property "description" on null in /home/buildit/appai.dev/themes/altum/views/index/index.php on line 119
[22-Jul-2024 18:40:04 UTC] PHP Warning:  Undefined property: stdClass::$romanian in /home/buildit/appai.dev/themes/altum/views/index/index.php on line 117
[22-Jul-2024 18:40:04 UTC] PHP Warning:  Attempt to read property "name" on null in /home/buildit/appai.dev/themes/altum/views/index/index.php on line 117
[22-Jul-2024 18:40:04 UTC] PHP Warning:  Undefined property: stdClass::$romanian in /home/buildit/appai.dev/themes/altum/views/index/index.php on line 119
[22-Jul-2024 18:40:04 UTC] PHP Warning:  Attempt to read property "description" on null in /home/buildit/appai.dev/themes/altum/views/index/index.php on line 119
[22-Jul-2024 18:40:04 UTC] PHP Warning:  Undefined property: stdClass::$romanian in /home/buildit/appai.dev/themes/altum/views/index/index.php on line 117
[22-Jul-2024 18:40:04 UTC] PHP Warning:  Attempt to read property "name" on null in /home/buildit/appai.dev/themes/altum/views/index/index.php on line 117
[22-Jul-2024 18:40:04 UTC] PHP Warning:  Undefined property: stdClass::$romanian in /home/buildit/appai.dev/themes/altum/views/index/index.php on line 119
[22-Jul-2024 18:40:04 UTC] PHP Warning:  Attempt to read property "description" on null in /home/buildit/appai.dev/themes/altum/views/index/index.php on line 119
[22-Jul-2024 18:40:04 UTC] PHP Warning:  Undefined property: stdClass::$romanian in /home/buildit/appai.dev/themes/altum/views/index/index.php on line 117
[22-Jul-2024 18:40:04 UTC] PHP Warning:  Attempt to read property "name" on null in /home/buildit/appai.dev/themes/altum/views/index/index.php on line 117
[22-Jul-2024 18:40:04 UTC] PHP Warning:  Undefined property: stdClass::$romanian in /home/buildit/appai.dev/themes/altum/views/index/index.php on line 119
[22-Jul-2024 18:40:04 UTC] PHP Warning:  Attempt to read property "description" on null in /home/buildit/appai.dev/themes/altum/views/index/index.php on line 119
[22-Jul-2024 18:40:04 UTC] PHP Warning:  Undefined property: stdClass::$romanian in /home/buildit/appai.dev/themes/altum/views/index/index.php on line 117
[22-Jul-2024 18:40:04 UTC] PHP Warning:  Attempt to read property "name" on null in /home/buildit/appai.dev/themes/altum/views/index/index.php on line 117
[22-Jul-2024 18:40:04 UTC] PHP Warning:  Undefined property: stdClass::$romanian in /home/buildit/appai.dev/themes/altum/views/index/index.php on line 119
[22-Jul-2024 18:40:04 UTC] PHP Warning:  Attempt to read property "description" on null in /home/buildit/appai.dev/themes/altum/views/index/index.php on line 119
[22-Jul-2024 18:40:04 UTC] PHP Warning:  Undefined property: stdClass::$romanian in /home/buildit/appai.dev/themes/altum/views/index/index.php on line 117
[22-Jul-2024 18:40:04 UTC] PHP Warning:  Attempt to read property "name" on null in /home/buildit/appai.dev/themes/altum/views/index/index.php on line 117
[22-Jul-2024 18:40:04 UTC] PHP Warning:  Undefined property: stdClass::$romanian in /home/buildit/appai.dev/themes/altum/views/index/index.php on line 119
[22-Jul-2024 18:40:04 UTC] PHP Warning:  Attempt to read property "description" on null in /home/buildit/appai.dev/themes/altum/views/index/index.php on line 119
[22-Jul-2024 18:40:04 UTC] PHP Warning:  Undefined property: stdClass::$romanian in /home/buildit/appai.dev/themes/altum/views/index/index.php on line 117
[22-Jul-2024 18:40:04 UTC] PHP Warning:  Attempt to read property "name" on null in /home/buildit/appai.dev/themes/altum/views/index/index.php on line 117
[22-Jul-2024 18:40:04 UTC] PHP Warning:  Undefined property: stdClass::$romanian in /home/buildit/appai.dev/themes/altum/views/index/index.php on line 119
[22-Jul-2024 18:40:04 UTC] PHP Warning:  Attempt to read property "description" on null in /home/buildit/appai.dev/themes/altum/views/index/index.php on line 119
[22-Jul-2024 18:40:04 UTC] PHP Warning:  Undefined property: stdClass::$romanian in /home/buildit/appai.dev/themes/altum/views/index/index.php on line 117
[22-Jul-2024 18:40:04 UTC] PHP Warning:  Attempt to read property "name" on null in /home/buildit/appai.dev/themes/altum/views/index/index.php on line 117
[22-Jul-2024 18:40:04 UTC] PHP Warning:  Undefined property: stdClass::$romanian in /home/buildit/appai.dev/themes/altum/views/index/index.php on line 119
[22-Jul-2024 18:40:04 UTC] PHP Warning:  Attempt to read property "description" on null in /home/buildit/appai.dev/themes/altum/views/index/index.php on line 119
[22-Jul-2024 18:40:04 UTC] PHP Warning:  Undefined property: stdClass::$romanian in /home/buildit/appai.dev/themes/altum/views/index/index.php on line 117
[22-Jul-2024 18:40:04 UTC] PHP Warning:  Attempt to read property "name" on null in /home/buildit/appai.dev/themes/altum/views/index/index.php on line 117
[22-Jul-2024 18:40:04 UTC] PHP Warning:  Undefined property: stdClass::$romanian in /home/buildit/appai.dev/themes/altum/views/index/index.php on line 119
[22-Jul-2024 18:40:04 UTC] PHP Warning:  Attempt to read property "description" on null in /home/buildit/appai.dev/themes/altum/views/index/index.php on line 119
[22-Jul-2024 18:40:04 UTC] PHP Warning:  Undefined property: stdClass::$romanian in /home/buildit/appai.dev/themes/altum/views/index/index.php on line 117
[22-Jul-2024 18:40:04 UTC] PHP Warning:  Attempt to read property "name" on null in /home/buildit/appai.dev/themes/altum/views/index/index.php on line 117
[22-Jul-2024 18:40:04 UTC] PHP Warning:  Undefined property: stdClass::$romanian in /home/buildit/appai.dev/themes/altum/views/index/index.php on line 119
[22-Jul-2024 18:40:04 UTC] PHP Warning:  Attempt to read property "description" on null in /home/buildit/appai.dev/themes/altum/views/index/index.php on line 119
[22-Jul-2024 18:40:04 UTC] PHP Warning:  Undefined property: stdClass::$romanian in /home/buildit/appai.dev/themes/altum/views/index/index.php on line 117
[22-Jul-2024 18:40:04 UTC] PHP Warning:  Attempt to read property "name" on null in /home/buildit/appai.dev/themes/altum/views/index/index.php on line 117
[22-Jul-2024 18:40:04 UTC] PHP Warning:  Undefined property: stdClass::$romanian in /home/buildit/appai.dev/themes/altum/views/index/index.php on line 119
[22-Jul-2024 18:40:04 UTC] PHP Warning:  Attempt to read property "description" on null in /home/buildit/appai.dev/themes/altum/views/index/index.php on line 119
[22-Jul-2024 18:40:04 UTC] PHP Warning:  Undefined property: stdClass::$romanian in /home/buildit/appai.dev/themes/altum/views/index/index.php on line 117
[22-Jul-2024 18:40:04 UTC] PHP Warning:  Attempt to read property "name" on null in /home/buildit/appai.dev/themes/altum/views/index/index.php on line 117
[22-Jul-2024 18:40:04 UTC] PHP Warning:  Undefined property: stdClass::$romanian in /home/buildit/appai.dev/themes/altum/views/index/index.php on line 119
[22-Jul-2024 18:40:04 UTC] PHP Warning:  Attempt to read property "description" on null in /home/buildit/appai.dev/themes/altum/views/index/index.php on line 119
[22-Jul-2024 18:40:04 UTC] PHP Warning:  Undefined property: stdClass::$romanian in /home/buildit/appai.dev/themes/altum/views/index/index.php on line 117
[22-Jul-2024 18:40:04 UTC] PHP Warning:  Attempt to read property "name" on null in /home/buildit/appai.dev/themes/altum/views/index/index.php on line 117
[22-Jul-2024 18:40:04 UTC] PHP Warning:  Undefined property: stdClass::$romanian in /home/buildit/appai.dev/themes/altum/views/index/index.php on line 119
[22-Jul-2024 18:40:04 UTC] PHP Warning:  Attempt to read property "description" on null in /home/buildit/appai.dev/themes/altum/views/index/index.php on line 119
[22-Jul-2024 18:40:04 UTC] PHP Warning:  Undefined property: stdClass::$romanian in /home/buildit/appai.dev/themes/altum/views/index/index.php on line 117
[22-Jul-2024 18:40:04 UTC] PHP Warning:  Attempt to read property "name" on null in /home/buildit/appai.dev/themes/altum/views/index/index.php on line 117
[22-Jul-2024 18:40:04 UTC] PHP Warning:  Undefined property: stdClass::$romanian in /home/buildit/appai.dev/themes/altum/views/index/index.php on line 119
[22-Jul-2024 18:40:04 UTC] PHP Warning:  Attempt to read property "description" on null in /home/buildit/appai.dev/themes/altum/views/index/index.php on line 119
[22-Jul-2024 18:40:04 UTC] PHP Warning:  Undefined property: stdClass::$romanian in /home/buildit/appai.dev/themes/altum/views/index/index.php on line 117
[22-Jul-2024 18:40:04 UTC] PHP Warning:  Attempt to read property "name" on null in /home/buildit/appai.dev/themes/altum/views/index/index.php on line 117
[22-Jul-2024 18:40:04 UTC] PHP Warning:  Undefined property: stdClass::$romanian in /home/buildit/appai.dev/themes/altum/views/index/index.php on line 119
[22-Jul-2024 18:40:04 UTC] PHP Warning:  Attempt to read property "description" on null in /home/buildit/appai.dev/themes/altum/views/index/index.php on line 119
[22-Jul-2024 18:40:04 UTC] PHP Warning:  Undefined property: stdClass::$romanian in /home/buildit/appai.dev/themes/altum/views/index/index.php on line 117
[22-Jul-2024 18:40:04 UTC] PHP Warning:  Attempt to read property "name" on null in /home/buildit/appai.dev/themes/altum/views/index/index.php on line 117
[22-Jul-2024 18:40:04 UTC] PHP Warning:  Undefined property: stdClass::$romanian in /home/buildit/appai.dev/themes/altum/views/index/index.php on line 119
[22-Jul-2024 18:40:04 UTC] PHP Warning:  Attempt to read property "description" on null in /home/buildit/appai.dev/themes/altum/views/index/index.php on line 119
[22-Jul-2024 18:40:04 UTC] PHP Warning:  Undefined property: stdClass::$romanian in /home/buildit/appai.dev/themes/altum/views/index/index.php on line 117
[22-Jul-2024 18:40:04 UTC] PHP Warning:  Attempt to read property "name" on null in /home/buildit/appai.dev/themes/altum/views/index/index.php on line 117
[22-Jul-2024 18:40:04 UTC] PHP Warning:  Undefined property: stdClass::$romanian in /home/buildit/appai.dev/themes/altum/views/index/index.php on line 119
[22-Jul-2024 18:40:04 UTC] PHP Warning:  Attempt to read property "description" on null in /home/buildit/appai.dev/themes/altum/views/index/index.php on line 119
[22-Jul-2024 18:40:04 UTC] PHP Warning:  Undefined property: stdClass::$romanian in /home/buildit/appai.dev/themes/altum/views/index/index.php on line 117
[22-Jul-2024 18:40:04 UTC] PHP Warning:  Attempt to read property "name" on null in /home/buildit/appai.dev/themes/altum/views/index/index.php on line 117
[22-Jul-2024 18:40:04 UTC] PHP Warning:  Undefined property: stdClass::$romanian in /home/buildit/appai.dev/themes/altum/views/index/index.php on line 119
[22-Jul-2024 18:40:04 UTC] PHP Warning:  Attempt to read property "description" on null in /home/buildit/appai.dev/themes/altum/views/index/index.php on line 119
[22-Jul-2024 18:40:04 UTC] PHP Warning:  Undefined property: stdClass::$romanian in /home/buildit/appai.dev/themes/altum/views/index/index.php on line 117
[22-Jul-2024 18:40:04 UTC] PHP Warning:  Attempt to read property "name" on null in /home/buildit/appai.dev/themes/altum/views/index/index.php on line 117
[22-Jul-2024 18:40:04 UTC] PHP Warning:  Undefined property: stdClass::$romanian in /home/buildit/appai.dev/themes/altum/views/index/index.php on line 119
[22-Jul-2024 18:40:04 UTC] PHP Warning:  Attempt to read property "description" on null in /home/buildit/appai.dev/themes/altum/views/index/index.php on line 119
[22-Jul-2024 18:40:04 UTC] PHP Warning:  Undefined property: stdClass::$romanian in /home/buildit/appai.dev/themes/altum/views/index/index.php on line 117
[22-Jul-2024 18:40:04 UTC] PHP Warning:  Attempt to read property "name" on null in /home/buildit/appai.dev/themes/altum/views/index/index.php on line 117
[22-Jul-2024 18:40:04 UTC] PHP Warning:  Undefined property: stdClass::$romanian in /home/buildit/appai.dev/themes/altum/views/index/index.php on line 119
[22-Jul-2024 18:40:04 UTC] PHP Warning:  Attempt to read property "description" on null in /home/buildit/appai.dev/themes/altum/views/index/index.php on line 119
[22-Jul-2024 18:40:04 UTC] PHP Warning:  Undefined property: stdClass::$romanian in /home/buildit/appai.dev/themes/altum/views/index/index.php on line 117
[22-Jul-2024 18:40:04 UTC] PHP Warning:  Attempt to read property "name" on null in /home/buildit/appai.dev/themes/altum/views/index/index.php on line 117
[22-Jul-2024 18:40:04 UTC] PHP Warning:  Undefined property: stdClass::$romanian in /home/buildit/appai.dev/themes/altum/views/index/index.php on line 119
[22-Jul-2024 18:40:04 UTC] PHP Warning:  Attempt to read property "description" on null in /home/buildit/appai.dev/themes/altum/views/index/index.php on line 119
[22-Jul-2024 18:40:04 UTC] PHP Warning:  Undefined property: stdClass::$romanian in /home/buildit/appai.dev/themes/altum/views/index/index.php on line 117
[22-Jul-2024 18:40:04 UTC] PHP Warning:  Attempt to read property "name" on null in /home/buildit/appai.dev/themes/altum/views/index/index.php on line 117
[22-Jul-2024 18:40:04 UTC] PHP Warning:  Undefined property: stdClass::$romanian in /home/buildit/appai.dev/themes/altum/views/index/index.php on line 119
[22-Jul-2024 18:40:04 UTC] PHP Warning:  Attempt to read property "description" on null in /home/buildit/appai.dev/themes/altum/views/index/index.php on line 119
[22-Jul-2024 18:40:04 UTC] PHP Warning:  Undefined property: stdClass::$romanian in /home/buildit/appai.dev/themes/altum/views/index/index.php on line 117
[22-Jul-2024 18:40:04 UTC] PHP Warning:  Attempt to read property "name" on null in /home/buildit/appai.dev/themes/altum/views/index/index.php on line 117
[22-Jul-2024 18:40:04 UTC] PHP Warning:  Undefined property: stdClass::$romanian in /home/buildit/appai.dev/themes/altum/views/index/index.php on line 119
[22-Jul-2024 18:40:04 UTC] PHP Warning:  Attempt to read property "description" on null in /home/buildit/appai.dev/themes/altum/views/index/index.php on line 119
[22-Jul-2024 18:40:04 UTC] PHP Warning:  Undefined property: stdClass::$romanian in /home/buildit/appai.dev/themes/altum/views/index/index.php on line 117
[22-Jul-2024 18:40:04 UTC] PHP Warning:  Attempt to read property "name" on null in /home/buildit/appai.dev/themes/altum/views/index/index.php on line 117
[22-Jul-2024 18:40:04 UTC] PHP Warning:  Undefined property: stdClass::$romanian in /home/buildit/appai.dev/themes/altum/views/index/index.php on line 119
[22-Jul-2024 18:40:04 UTC] PHP Warning:  Attempt to read property "description" on null in /home/buildit/appai.dev/themes/altum/views/index/index.php on line 119
[22-Jul-2024 18:40:04 UTC] PHP Warning:  Undefined property: stdClass::$romanian in /home/buildit/appai.dev/themes/altum/views/index/index.php on line 117
[22-Jul-2024 18:40:04 UTC] PHP Warning:  Attempt to read property "name" on null in /home/buildit/appai.dev/themes/altum/views/index/index.php on line 117
[22-Jul-2024 18:40:04 UTC] PHP Warning:  Undefined property: stdClass::$romanian in /home/buildit/appai.dev/themes/altum/views/index/index.php on line 119
[22-Jul-2024 18:40:04 UTC] PHP Warning:  Attempt to read property "description" on null in /home/buildit/appai.dev/themes/altum/views/index/index.php on line 119
[22-Jul-2024 18:40:04 UTC] PHP Warning:  Undefined property: stdClass::$romanian in /home/buildit/appai.dev/themes/altum/views/index/index.php on line 117
[22-Jul-2024 18:40:04 UTC] PHP Warning:  Attempt to read property "name" on null in /home/buildit/appai.dev/themes/altum/views/index/index.php on line 117
[22-Jul-2024 18:40:04 UTC] PHP Warning:  Undefined property: stdClass::$romanian in /home/buildit/appai.dev/themes/altum/views/index/index.php on line 119
[22-Jul-2024 18:40:04 UTC] PHP Warning:  Attempt to read property "description" on null in /home/buildit/appai.dev/themes/altum/views/index/index.php on line 119
[22-Jul-2024 18:40:04 UTC] PHP Warning:  Undefined property: stdClass::$romanian in /home/buildit/appai.dev/themes/altum/views/index/index.php on line 117
[22-Jul-2024 18:40:04 UTC] PHP Warning:  Attempt to read property "name" on null in /home/buildit/appai.dev/themes/altum/views/index/index.php on line 117
[22-Jul-2024 18:40:04 UTC] PHP Warning:  Undefined property: stdClass::$romanian in /home/buildit/appai.dev/themes/altum/views/index/index.php on line 119
[22-Jul-2024 18:40:04 UTC] PHP Warning:  Attempt to read property "description" on null in /home/buildit/appai.dev/themes/altum/views/index/index.php on line 119
[22-Jul-2024 18:40:04 UTC] PHP Warning:  Undefined property: stdClass::$romanian in /home/buildit/appai.dev/themes/altum/views/index/index.php on line 117
[22-Jul-2024 18:40:04 UTC] PHP Warning:  Attempt to read property "name" on null in /home/buildit/appai.dev/themes/altum/views/index/index.php on line 117
[22-Jul-2024 18:40:04 UTC] PHP Warning:  Undefined property: stdClass::$romanian in /home/buildit/appai.dev/themes/altum/views/index/index.php on line 119
[22-Jul-2024 18:40:04 UTC] PHP Warning:  Attempt to read property "description" on null in /home/buildit/appai.dev/themes/altum/views/index/index.php on line 119
[22-Jul-2024 18:40:04 UTC] PHP Warning:  Undefined property: stdClass::$romanian in /home/buildit/appai.dev/themes/altum/views/index/index.php on line 117
[22-Jul-2024 18:40:04 UTC] PHP Warning:  Attempt to read property "name" on null in /home/buildit/appai.dev/themes/altum/views/index/index.php on line 117
[22-Jul-2024 18:40:04 UTC] PHP Warning:  Undefined property: stdClass::$romanian in /home/buildit/appai.dev/themes/altum/views/index/index.php on line 119
[22-Jul-2024 18:40:04 UTC] PHP Warning:  Attempt to read property "description" on null in /home/buildit/appai.dev/themes/altum/views/index/index.php on line 119
[22-Jul-2024 18:40:04 UTC] PHP Warning:  Undefined property: stdClass::$romanian in /home/buildit/appai.dev/themes/altum/views/index/index.php on line 117
[22-Jul-2024 18:40:04 UTC] PHP Warning:  Attempt to read property "name" on null in /home/buildit/appai.dev/themes/altum/views/index/index.php on line 117
[22-Jul-2024 18:40:04 UTC] PHP Warning:  Undefined property: stdClass::$romanian in /home/buildit/appai.dev/themes/altum/views/index/index.php on line 119
[22-Jul-2024 18:40:04 UTC] PHP Warning:  Attempt to read property "description" on null in /home/buildit/appai.dev/themes/altum/views/index/index.php on line 119
[22-Jul-2024 18:40:04 UTC] PHP Warning:  Undefined property: stdClass::$romanian in /home/buildit/appai.dev/themes/altum/views/index/index.php on line 117
[22-Jul-2024 18:40:04 UTC] PHP Warning:  Attempt to read property "name" on null in /home/buildit/appai.dev/themes/altum/views/index/index.php on line 117
[22-Jul-2024 18:40:04 UTC] PHP Warning:  Undefined property: stdClass::$romanian in /home/buildit/appai.dev/themes/altum/views/index/index.php on line 119
[22-Jul-2024 18:40:04 UTC] PHP Warning:  Attempt to read property "description" on null in /home/buildit/appai.dev/themes/altum/views/index/index.php on line 119
[22-Jul-2024 18:40:04 UTC] PHP Warning:  Undefined property: stdClass::$romanian in /home/buildit/appai.dev/themes/altum/views/index/index.php on line 117
[22-Jul-2024 18:40:04 UTC] PHP Warning:  Attempt to read property "name" on null in /home/buildit/appai.dev/themes/altum/views/index/index.php on line 117
[22-Jul-2024 18:40:04 UTC] PHP Warning:  Undefined property: stdClass::$romanian in /home/buildit/appai.dev/themes/altum/views/index/index.php on line 119
[22-Jul-2024 18:40:04 UTC] PHP Warning:  Attempt to read property "description" on null in /home/buildit/appai.dev/themes/altum/views/index/index.php on line 119
[22-Jul-2024 18:40:04 UTC] PHP Warning:  Undefined property: stdClass::$romanian in /home/buildit/appai.dev/themes/altum/views/index/index.php on line 117
[22-Jul-2024 18:40:04 UTC] PHP Warning:  Attempt to read property "name" on null in /home/buildit/appai.dev/themes/altum/views/index/index.php on line 117
[22-Jul-2024 18:40:04 UTC] PHP Warning:  Undefined property: stdClass::$romanian in /home/buildit/appai.dev/themes/altum/views/index/index.php on line 119
[22-Jul-2024 18:40:04 UTC] PHP Warning:  Attempt to read property "description" on null in /home/buildit/appai.dev/themes/altum/views/index/index.php on line 119
[22-Jul-2024 18:40:04 UTC] PHP Warning:  Undefined property: stdClass::$romanian in /home/buildit/appai.dev/themes/altum/views/index/index.php on line 117
[22-Jul-2024 18:40:04 UTC] PHP Warning:  Attempt to read property "name" on null in /home/buildit/appai.dev/themes/altum/views/index/index.php on line 117
[22-Jul-2024 18:40:04 UTC] PHP Warning:  Undefined property: stdClass::$romanian in /home/buildit/appai.dev/themes/altum/views/index/index.php on line 119
[22-Jul-2024 18:40:04 UTC] PHP Warning:  Attempt to read property "description" on null in /home/buildit/appai.dev/themes/altum/views/index/index.php on line 119
[22-Jul-2024 18:40:04 UTC] PHP Warning:  Undefined property: stdClass::$romanian in /home/buildit/appai.dev/themes/altum/views/index/index.php on line 117
[22-Jul-2024 18:40:04 UTC] PHP Warning:  Attempt to read property "name" on null in /home/buildit/appai.dev/themes/altum/views/index/index.php on line 117
[22-Jul-2024 18:40:04 UTC] PHP Warning:  Undefined property: stdClass::$romanian in /home/buildit/appai.dev/themes/altum/views/index/index.php on line 119
[22-Jul-2024 18:40:04 UTC] PHP Warning:  Attempt to read property "description" on null in /home/buildit/appai.dev/themes/altum/views/index/index.php on line 119
[22-Jul-2024 18:40:04 UTC] PHP Warning:  Undefined property: stdClass::$romanian in /home/buildit/appai.dev/themes/altum/views/index/index.php on line 117
[22-Jul-2024 18:40:04 UTC] PHP Warning:  Attempt to read property "name" on null in /home/buildit/appai.dev/themes/altum/views/index/index.php on line 117
[22-Jul-2024 18:40:04 UTC] PHP Warning:  Undefined property: stdClass::$romanian in /home/buildit/appai.dev/themes/altum/views/index/index.php on line 119
[22-Jul-2024 18:40:04 UTC] PHP Warning:  Attempt to read property "description" on null in /home/buildit/appai.dev/themes/altum/views/index/index.php on line 119
[22-Jul-2024 18:40:04 UTC] PHP Warning:  Undefined property: stdClass::$romanian in /home/buildit/appai.dev/themes/altum/views/index/index.php on line 117
[22-Jul-2024 18:40:04 UTC] PHP Warning:  Attempt to read property "name" on null in /home/buildit/appai.dev/themes/altum/views/index/index.php on line 117
[22-Jul-2024 18:40:04 UTC] PHP Warning:  Undefined property: stdClass::$romanian in /home/buildit/appai.dev/themes/altum/views/index/index.php on line 119
[22-Jul-2024 18:40:04 UTC] PHP Warning:  Attempt to read property "description" on null in /home/buildit/appai.dev/themes/altum/views/index/index.php on line 119
