[05-Aug-2024 00:30:05 UTC] PHP Warning:  Undefined property: stdClass::$romanian in /home/buildit/appai.dev/themes/altum/views/index/index.php on line 117
[05-Aug-2024 00:30:05 UTC] PHP Warning:  Attempt to read property "name" on null in /home/buildit/appai.dev/themes/altum/views/index/index.php on line 117
[05-Aug-2024 00:30:05 UTC] PHP Warning:  Undefined property: stdClass::$romanian in /home/buildit/appai.dev/themes/altum/views/index/index.php on line 119
[05-Aug-2024 00:30:05 UTC] PHP Warning:  Attempt to read property "description" on null in /home/buildit/appai.dev/themes/altum/views/index/index.php on line 119
[05-Aug-2024 00:30:05 UTC] PHP Warning:  Undefined property: stdClass::$romanian in /home/buildit/appai.dev/themes/altum/views/index/index.php on line 117
[05-Aug-2024 00:30:05 UTC] PHP Warning:  Attempt to read property "name" on null in /home/buildit/appai.dev/themes/altum/views/index/index.php on line 117
[05-Aug-2024 00:30:05 UTC] PHP Warning:  Undefined property: stdClass::$romanian in /home/buildit/appai.dev/themes/altum/views/index/index.php on line 119
[05-Aug-2024 00:30:05 UTC] PHP Warning:  Attempt to read property "description" on null in /home/buildit/appai.dev/themes/altum/views/index/index.php on line 119
[05-Aug-2024 00:30:05 UTC] PHP Warning:  Undefined property: stdClass::$romanian in /home/buildit/appai.dev/themes/altum/views/index/index.php on line 117
[05-Aug-2024 00:30:05 UTC] PHP Warning:  Attempt to read property "name" on null in /home/buildit/appai.dev/themes/altum/views/index/index.php on line 117
[05-Aug-2024 00:30:05 UTC] PHP Warning:  Undefined property: stdClass::$romanian in /home/buildit/appai.dev/themes/altum/views/index/index.php on line 119
[05-Aug-2024 00:30:05 UTC] PHP Warning:  Attempt to read property "description" on null in /home/buildit/appai.dev/themes/altum/views/index/index.php on line 119
[05-Aug-2024 00:30:05 UTC] PHP Warning:  Undefined property: stdClass::$romanian in /home/buildit/appai.dev/themes/altum/views/index/index.php on line 117
[05-Aug-2024 00:30:05 UTC] PHP Warning:  Attempt to read property "name" on null in /home/buildit/appai.dev/themes/altum/views/index/index.php on line 117
[05-Aug-2024 00:30:05 UTC] PHP Warning:  Undefined property: stdClass::$romanian in /home/buildit/appai.dev/themes/altum/views/index/index.php on line 119
[05-Aug-2024 00:30:05 UTC] PHP Warning:  Attempt to read property "description" on null in /home/buildit/appai.dev/themes/altum/views/index/index.php on line 119
[05-Aug-2024 00:30:05 UTC] PHP Warning:  Undefined property: stdClass::$romanian in /home/buildit/appai.dev/themes/altum/views/index/index.php on line 117
[05-Aug-2024 00:30:05 UTC] PHP Warning:  Attempt to read property "name" on null in /home/buildit/appai.dev/themes/altum/views/index/index.php on line 117
[05-Aug-2024 00:30:05 UTC] PHP Warning:  Undefined property: stdClass::$romanian in /home/buildit/appai.dev/themes/altum/views/index/index.php on line 119
[05-Aug-2024 00:30:05 UTC] PHP Warning:  Attempt to read property "description" on null in /home/buildit/appai.dev/themes/altum/views/index/index.php on line 119
[05-Aug-2024 00:30:05 UTC] PHP Warning:  Undefined property: stdClass::$romanian in /home/buildit/appai.dev/themes/altum/views/index/index.php on line 117
[05-Aug-2024 00:30:05 UTC] PHP Warning:  Attempt to read property "name" on null in /home/buildit/appai.dev/themes/altum/views/index/index.php on line 117
[05-Aug-2024 00:30:05 UTC] PHP Warning:  Undefined property: stdClass::$romanian in /home/buildit/appai.dev/themes/altum/views/index/index.php on line 119
[05-Aug-2024 00:30:05 UTC] PHP Warning:  Attempt to read property "description" on null in /home/buildit/appai.dev/themes/altum/views/index/index.php on line 119
[05-Aug-2024 00:30:05 UTC] PHP Warning:  Undefined property: stdClass::$romanian in /home/buildit/appai.dev/themes/altum/views/index/index.php on line 117
[05-Aug-2024 00:30:05 UTC] PHP Warning:  Attempt to read property "name" on null in /home/buildit/appai.dev/themes/altum/views/index/index.php on line 117
[05-Aug-2024 00:30:05 UTC] PHP Warning:  Undefined property: stdClass::$romanian in /home/buildit/appai.dev/themes/altum/views/index/index.php on line 119
[05-Aug-2024 00:30:05 UTC] PHP Warning:  Attempt to read property "description" on null in /home/buildit/appai.dev/themes/altum/views/index/index.php on line 119
[05-Aug-2024 00:30:05 UTC] PHP Warning:  Undefined property: stdClass::$romanian in /home/buildit/appai.dev/themes/altum/views/index/index.php on line 117
[05-Aug-2024 00:30:05 UTC] PHP Warning:  Attempt to read property "name" on null in /home/buildit/appai.dev/themes/altum/views/index/index.php on line 117
[05-Aug-2024 00:30:05 UTC] PHP Warning:  Undefined property: stdClass::$romanian in /home/buildit/appai.dev/themes/altum/views/index/index.php on line 119
[05-Aug-2024 00:30:05 UTC] PHP Warning:  Attempt to read property "description" on null in /home/buildit/appai.dev/themes/altum/views/index/index.php on line 119
[05-Aug-2024 00:30:05 UTC] PHP Warning:  Undefined property: stdClass::$romanian in /home/buildit/appai.dev/themes/altum/views/index/index.php on line 117
[05-Aug-2024 00:30:05 UTC] PHP Warning:  Attempt to read property "name" on null in /home/buildit/appai.dev/themes/altum/views/index/index.php on line 117
[05-Aug-2024 00:30:05 UTC] PHP Warning:  Undefined property: stdClass::$romanian in /home/buildit/appai.dev/themes/altum/views/index/index.php on line 119
[05-Aug-2024 00:30:05 UTC] PHP Warning:  Attempt to read property "description" on null in /home/buildit/appai.dev/themes/altum/views/index/index.php on line 119
[05-Aug-2024 00:30:05 UTC] PHP Warning:  Undefined property: stdClass::$romanian in /home/buildit/appai.dev/themes/altum/views/index/index.php on line 117
[05-Aug-2024 00:30:05 UTC] PHP Warning:  Attempt to read property "name" on null in /home/buildit/appai.dev/themes/altum/views/index/index.php on line 117
[05-Aug-2024 00:30:05 UTC] PHP Warning:  Undefined property: stdClass::$romanian in /home/buildit/appai.dev/themes/altum/views/index/index.php on line 119
[05-Aug-2024 00:30:05 UTC] PHP Warning:  Attempt to read property "description" on null in /home/buildit/appai.dev/themes/altum/views/index/index.php on line 119
[05-Aug-2024 00:30:05 UTC] PHP Warning:  Undefined property: stdClass::$romanian in /home/buildit/appai.dev/themes/altum/views/index/index.php on line 117
[05-Aug-2024 00:30:05 UTC] PHP Warning:  Attempt to read property "name" on null in /home/buildit/appai.dev/themes/altum/views/index/index.php on line 117
[05-Aug-2024 00:30:05 UTC] PHP Warning:  Undefined property: stdClass::$romanian in /home/buildit/appai.dev/themes/altum/views/index/index.php on line 119
[05-Aug-2024 00:30:05 UTC] PHP Warning:  Attempt to read property "description" on null in /home/buildit/appai.dev/themes/altum/views/index/index.php on line 119
[05-Aug-2024 00:30:05 UTC] PHP Warning:  Undefined property: stdClass::$romanian in /home/buildit/appai.dev/themes/altum/views/index/index.php on line 117
[05-Aug-2024 00:30:05 UTC] PHP Warning:  Attempt to read property "name" on null in /home/buildit/appai.dev/themes/altum/views/index/index.php on line 117
[05-Aug-2024 00:30:05 UTC] PHP Warning:  Undefined property: stdClass::$romanian in /home/buildit/appai.dev/themes/altum/views/index/index.php on line 119
[05-Aug-2024 00:30:05 UTC] PHP Warning:  Attempt to read property "description" on null in /home/buildit/appai.dev/themes/altum/views/index/index.php on line 119
[05-Aug-2024 00:30:05 UTC] PHP Warning:  Undefined property: stdClass::$romanian in /home/buildit/appai.dev/themes/altum/views/index/index.php on line 117
[05-Aug-2024 00:30:05 UTC] PHP Warning:  Attempt to read property "name" on null in /home/buildit/appai.dev/themes/altum/views/index/index.php on line 117
[05-Aug-2024 00:30:05 UTC] PHP Warning:  Undefined property: stdClass::$romanian in /home/buildit/appai.dev/themes/altum/views/index/index.php on line 119
[05-Aug-2024 00:30:05 UTC] PHP Warning:  Attempt to read property "description" on null in /home/buildit/appai.dev/themes/altum/views/index/index.php on line 119
[05-Aug-2024 00:30:05 UTC] PHP Warning:  Undefined property: stdClass::$romanian in /home/buildit/appai.dev/themes/altum/views/index/index.php on line 117
[05-Aug-2024 00:30:05 UTC] PHP Warning:  Attempt to read property "name" on null in /home/buildit/appai.dev/themes/altum/views/index/index.php on line 117
[05-Aug-2024 00:30:05 UTC] PHP Warning:  Undefined property: stdClass::$romanian in /home/buildit/appai.dev/themes/altum/views/index/index.php on line 119
[05-Aug-2024 00:30:05 UTC] PHP Warning:  Attempt to read property "description" on null in /home/buildit/appai.dev/themes/altum/views/index/index.php on line 119
[05-Aug-2024 00:30:05 UTC] PHP Warning:  Undefined property: stdClass::$romanian in /home/buildit/appai.dev/themes/altum/views/index/index.php on line 117
[05-Aug-2024 00:30:05 UTC] PHP Warning:  Attempt to read property "name" on null in /home/buildit/appai.dev/themes/altum/views/index/index.php on line 117
[05-Aug-2024 00:30:05 UTC] PHP Warning:  Undefined property: stdClass::$romanian in /home/buildit/appai.dev/themes/altum/views/index/index.php on line 119
[05-Aug-2024 00:30:05 UTC] PHP Warning:  Attempt to read property "description" on null in /home/buildit/appai.dev/themes/altum/views/index/index.php on line 119
[05-Aug-2024 00:30:05 UTC] PHP Warning:  Undefined property: stdClass::$romanian in /home/buildit/appai.dev/themes/altum/views/index/index.php on line 117
[05-Aug-2024 00:30:05 UTC] PHP Warning:  Attempt to read property "name" on null in /home/buildit/appai.dev/themes/altum/views/index/index.php on line 117
[05-Aug-2024 00:30:05 UTC] PHP Warning:  Undefined property: stdClass::$romanian in /home/buildit/appai.dev/themes/altum/views/index/index.php on line 119
[05-Aug-2024 00:30:05 UTC] PHP Warning:  Attempt to read property "description" on null in /home/buildit/appai.dev/themes/altum/views/index/index.php on line 119
[05-Aug-2024 00:30:05 UTC] PHP Warning:  Undefined property: stdClass::$romanian in /home/buildit/appai.dev/themes/altum/views/index/index.php on line 117
[05-Aug-2024 00:30:05 UTC] PHP Warning:  Attempt to read property "name" on null in /home/buildit/appai.dev/themes/altum/views/index/index.php on line 117
[05-Aug-2024 00:30:05 UTC] PHP Warning:  Undefined property: stdClass::$romanian in /home/buildit/appai.dev/themes/altum/views/index/index.php on line 119
[05-Aug-2024 00:30:05 UTC] PHP Warning:  Attempt to read property "description" on null in /home/buildit/appai.dev/themes/altum/views/index/index.php on line 119
[05-Aug-2024 00:30:05 UTC] PHP Warning:  Undefined property: stdClass::$romanian in /home/buildit/appai.dev/themes/altum/views/index/index.php on line 117
[05-Aug-2024 00:30:05 UTC] PHP Warning:  Attempt to read property "name" on null in /home/buildit/appai.dev/themes/altum/views/index/index.php on line 117
[05-Aug-2024 00:30:05 UTC] PHP Warning:  Undefined property: stdClass::$romanian in /home/buildit/appai.dev/themes/altum/views/index/index.php on line 119
[05-Aug-2024 00:30:05 UTC] PHP Warning:  Attempt to read property "description" on null in /home/buildit/appai.dev/themes/altum/views/index/index.php on line 119
[05-Aug-2024 00:30:05 UTC] PHP Warning:  Undefined property: stdClass::$romanian in /home/buildit/appai.dev/themes/altum/views/index/index.php on line 117
[05-Aug-2024 00:30:05 UTC] PHP Warning:  Attempt to read property "name" on null in /home/buildit/appai.dev/themes/altum/views/index/index.php on line 117
[05-Aug-2024 00:30:05 UTC] PHP Warning:  Undefined property: stdClass::$romanian in /home/buildit/appai.dev/themes/altum/views/index/index.php on line 119
[05-Aug-2024 00:30:05 UTC] PHP Warning:  Attempt to read property "description" on null in /home/buildit/appai.dev/themes/altum/views/index/index.php on line 119
[05-Aug-2024 00:30:05 UTC] PHP Warning:  Undefined property: stdClass::$romanian in /home/buildit/appai.dev/themes/altum/views/index/index.php on line 117
[05-Aug-2024 00:30:05 UTC] PHP Warning:  Attempt to read property "name" on null in /home/buildit/appai.dev/themes/altum/views/index/index.php on line 117
[05-Aug-2024 00:30:05 UTC] PHP Warning:  Undefined property: stdClass::$romanian in /home/buildit/appai.dev/themes/altum/views/index/index.php on line 119
[05-Aug-2024 00:30:05 UTC] PHP Warning:  Attempt to read property "description" on null in /home/buildit/appai.dev/themes/altum/views/index/index.php on line 119
[05-Aug-2024 00:30:05 UTC] PHP Warning:  Undefined property: stdClass::$romanian in /home/buildit/appai.dev/themes/altum/views/index/index.php on line 117
[05-Aug-2024 00:30:05 UTC] PHP Warning:  Attempt to read property "name" on null in /home/buildit/appai.dev/themes/altum/views/index/index.php on line 117
[05-Aug-2024 00:30:05 UTC] PHP Warning:  Undefined property: stdClass::$romanian in /home/buildit/appai.dev/themes/altum/views/index/index.php on line 119
[05-Aug-2024 00:30:05 UTC] PHP Warning:  Attempt to read property "description" on null in /home/buildit/appai.dev/themes/altum/views/index/index.php on line 119
[05-Aug-2024 00:30:05 UTC] PHP Warning:  Undefined property: stdClass::$romanian in /home/buildit/appai.dev/themes/altum/views/index/index.php on line 117
[05-Aug-2024 00:30:05 UTC] PHP Warning:  Attempt to read property "name" on null in /home/buildit/appai.dev/themes/altum/views/index/index.php on line 117
[05-Aug-2024 00:30:05 UTC] PHP Warning:  Undefined property: stdClass::$romanian in /home/buildit/appai.dev/themes/altum/views/index/index.php on line 119
[05-Aug-2024 00:30:05 UTC] PHP Warning:  Attempt to read property "description" on null in /home/buildit/appai.dev/themes/altum/views/index/index.php on line 119
[05-Aug-2024 00:30:05 UTC] PHP Warning:  Undefined property: stdClass::$romanian in /home/buildit/appai.dev/themes/altum/views/index/index.php on line 117
[05-Aug-2024 00:30:05 UTC] PHP Warning:  Attempt to read property "name" on null in /home/buildit/appai.dev/themes/altum/views/index/index.php on line 117
[05-Aug-2024 00:30:05 UTC] PHP Warning:  Undefined property: stdClass::$romanian in /home/buildit/appai.dev/themes/altum/views/index/index.php on line 119
[05-Aug-2024 00:30:05 UTC] PHP Warning:  Attempt to read property "description" on null in /home/buildit/appai.dev/themes/altum/views/index/index.php on line 119
[05-Aug-2024 00:30:05 UTC] PHP Warning:  Undefined property: stdClass::$romanian in /home/buildit/appai.dev/themes/altum/views/index/index.php on line 117
[05-Aug-2024 00:30:05 UTC] PHP Warning:  Attempt to read property "name" on null in /home/buildit/appai.dev/themes/altum/views/index/index.php on line 117
[05-Aug-2024 00:30:05 UTC] PHP Warning:  Undefined property: stdClass::$romanian in /home/buildit/appai.dev/themes/altum/views/index/index.php on line 119
[05-Aug-2024 00:30:05 UTC] PHP Warning:  Attempt to read property "description" on null in /home/buildit/appai.dev/themes/altum/views/index/index.php on line 119
[05-Aug-2024 00:30:05 UTC] PHP Warning:  Undefined property: stdClass::$romanian in /home/buildit/appai.dev/themes/altum/views/index/index.php on line 117
[05-Aug-2024 00:30:05 UTC] PHP Warning:  Attempt to read property "name" on null in /home/buildit/appai.dev/themes/altum/views/index/index.php on line 117
[05-Aug-2024 00:30:05 UTC] PHP Warning:  Undefined property: stdClass::$romanian in /home/buildit/appai.dev/themes/altum/views/index/index.php on line 119
[05-Aug-2024 00:30:05 UTC] PHP Warning:  Attempt to read property "description" on null in /home/buildit/appai.dev/themes/altum/views/index/index.php on line 119
[05-Aug-2024 00:30:05 UTC] PHP Warning:  Undefined property: stdClass::$romanian in /home/buildit/appai.dev/themes/altum/views/index/index.php on line 117
[05-Aug-2024 00:30:05 UTC] PHP Warning:  Attempt to read property "name" on null in /home/buildit/appai.dev/themes/altum/views/index/index.php on line 117
[05-Aug-2024 00:30:05 UTC] PHP Warning:  Undefined property: stdClass::$romanian in /home/buildit/appai.dev/themes/altum/views/index/index.php on line 119
[05-Aug-2024 00:30:05 UTC] PHP Warning:  Attempt to read property "description" on null in /home/buildit/appai.dev/themes/altum/views/index/index.php on line 119
[05-Aug-2024 00:30:05 UTC] PHP Warning:  Undefined property: stdClass::$romanian in /home/buildit/appai.dev/themes/altum/views/index/index.php on line 117
[05-Aug-2024 00:30:05 UTC] PHP Warning:  Attempt to read property "name" on null in /home/buildit/appai.dev/themes/altum/views/index/index.php on line 117
[05-Aug-2024 00:30:05 UTC] PHP Warning:  Undefined property: stdClass::$romanian in /home/buildit/appai.dev/themes/altum/views/index/index.php on line 119
[05-Aug-2024 00:30:05 UTC] PHP Warning:  Attempt to read property "description" on null in /home/buildit/appai.dev/themes/altum/views/index/index.php on line 119
[05-Aug-2024 00:30:05 UTC] PHP Warning:  Undefined property: stdClass::$romanian in /home/buildit/appai.dev/themes/altum/views/index/index.php on line 117
[05-Aug-2024 00:30:05 UTC] PHP Warning:  Attempt to read property "name" on null in /home/buildit/appai.dev/themes/altum/views/index/index.php on line 117
[05-Aug-2024 00:30:05 UTC] PHP Warning:  Undefined property: stdClass::$romanian in /home/buildit/appai.dev/themes/altum/views/index/index.php on line 119
[05-Aug-2024 00:30:05 UTC] PHP Warning:  Attempt to read property "description" on null in /home/buildit/appai.dev/themes/altum/views/index/index.php on line 119
[05-Aug-2024 00:30:05 UTC] PHP Warning:  Undefined property: stdClass::$romanian in /home/buildit/appai.dev/themes/altum/views/index/index.php on line 117
[05-Aug-2024 00:30:05 UTC] PHP Warning:  Attempt to read property "name" on null in /home/buildit/appai.dev/themes/altum/views/index/index.php on line 117
[05-Aug-2024 00:30:05 UTC] PHP Warning:  Undefined property: stdClass::$romanian in /home/buildit/appai.dev/themes/altum/views/index/index.php on line 119
[05-Aug-2024 00:30:05 UTC] PHP Warning:  Attempt to read property "description" on null in /home/buildit/appai.dev/themes/altum/views/index/index.php on line 119
[05-Aug-2024 00:30:05 UTC] PHP Warning:  Undefined property: stdClass::$romanian in /home/buildit/appai.dev/themes/altum/views/index/index.php on line 117
[05-Aug-2024 00:30:05 UTC] PHP Warning:  Attempt to read property "name" on null in /home/buildit/appai.dev/themes/altum/views/index/index.php on line 117
[05-Aug-2024 00:30:05 UTC] PHP Warning:  Undefined property: stdClass::$romanian in /home/buildit/appai.dev/themes/altum/views/index/index.php on line 119
[05-Aug-2024 00:30:05 UTC] PHP Warning:  Attempt to read property "description" on null in /home/buildit/appai.dev/themes/altum/views/index/index.php on line 119
[05-Aug-2024 00:30:05 UTC] PHP Warning:  Undefined property: stdClass::$romanian in /home/buildit/appai.dev/themes/altum/views/index/index.php on line 117
[05-Aug-2024 00:30:05 UTC] PHP Warning:  Attempt to read property "name" on null in /home/buildit/appai.dev/themes/altum/views/index/index.php on line 117
[05-Aug-2024 00:30:05 UTC] PHP Warning:  Undefined property: stdClass::$romanian in /home/buildit/appai.dev/themes/altum/views/index/index.php on line 119
[05-Aug-2024 00:30:05 UTC] PHP Warning:  Attempt to read property "description" on null in /home/buildit/appai.dev/themes/altum/views/index/index.php on line 119
[05-Aug-2024 00:30:05 UTC] PHP Warning:  Undefined property: stdClass::$romanian in /home/buildit/appai.dev/themes/altum/views/index/index.php on line 117
[05-Aug-2024 00:30:05 UTC] PHP Warning:  Attempt to read property "name" on null in /home/buildit/appai.dev/themes/altum/views/index/index.php on line 117
[05-Aug-2024 00:30:05 UTC] PHP Warning:  Undefined property: stdClass::$romanian in /home/buildit/appai.dev/themes/altum/views/index/index.php on line 119
[05-Aug-2024 00:30:05 UTC] PHP Warning:  Attempt to read property "description" on null in /home/buildit/appai.dev/themes/altum/views/index/index.php on line 119
[05-Aug-2024 00:30:05 UTC] PHP Warning:  Undefined property: stdClass::$romanian in /home/buildit/appai.dev/themes/altum/views/index/index.php on line 117
[05-Aug-2024 00:30:05 UTC] PHP Warning:  Attempt to read property "name" on null in /home/buildit/appai.dev/themes/altum/views/index/index.php on line 117
[05-Aug-2024 00:30:05 UTC] PHP Warning:  Undefined property: stdClass::$romanian in /home/buildit/appai.dev/themes/altum/views/index/index.php on line 119
[05-Aug-2024 00:30:05 UTC] PHP Warning:  Attempt to read property "description" on null in /home/buildit/appai.dev/themes/altum/views/index/index.php on line 119
[05-Aug-2024 00:30:05 UTC] PHP Warning:  Undefined property: stdClass::$romanian in /home/buildit/appai.dev/themes/altum/views/index/index.php on line 117
[05-Aug-2024 00:30:05 UTC] PHP Warning:  Attempt to read property "name" on null in /home/buildit/appai.dev/themes/altum/views/index/index.php on line 117
[05-Aug-2024 00:30:05 UTC] PHP Warning:  Undefined property: stdClass::$romanian in /home/buildit/appai.dev/themes/altum/views/index/index.php on line 119
[05-Aug-2024 00:30:05 UTC] PHP Warning:  Attempt to read property "description" on null in /home/buildit/appai.dev/themes/altum/views/index/index.php on line 119
[05-Aug-2024 00:30:05 UTC] PHP Warning:  Undefined property: stdClass::$romanian in /home/buildit/appai.dev/themes/altum/views/index/index.php on line 117
[05-Aug-2024 00:30:05 UTC] PHP Warning:  Attempt to read property "name" on null in /home/buildit/appai.dev/themes/altum/views/index/index.php on line 117
[05-Aug-2024 00:30:05 UTC] PHP Warning:  Undefined property: stdClass::$romanian in /home/buildit/appai.dev/themes/altum/views/index/index.php on line 119
[05-Aug-2024 00:30:05 UTC] PHP Warning:  Attempt to read property "description" on null in /home/buildit/appai.dev/themes/altum/views/index/index.php on line 119
[05-Aug-2024 00:30:05 UTC] PHP Warning:  Undefined property: stdClass::$romanian in /home/buildit/appai.dev/themes/altum/views/index/index.php on line 117
[05-Aug-2024 00:30:05 UTC] PHP Warning:  Attempt to read property "name" on null in /home/buildit/appai.dev/themes/altum/views/index/index.php on line 117
[05-Aug-2024 00:30:05 UTC] PHP Warning:  Undefined property: stdClass::$romanian in /home/buildit/appai.dev/themes/altum/views/index/index.php on line 119
[05-Aug-2024 00:30:05 UTC] PHP Warning:  Attempt to read property "description" on null in /home/buildit/appai.dev/themes/altum/views/index/index.php on line 119
[05-Aug-2024 00:30:05 UTC] PHP Warning:  Undefined property: stdClass::$romanian in /home/buildit/appai.dev/themes/altum/views/index/index.php on line 117
[05-Aug-2024 00:30:05 UTC] PHP Warning:  Attempt to read property "name" on null in /home/buildit/appai.dev/themes/altum/views/index/index.php on line 117
[05-Aug-2024 00:30:05 UTC] PHP Warning:  Undefined property: stdClass::$romanian in /home/buildit/appai.dev/themes/altum/views/index/index.php on line 119
[05-Aug-2024 00:30:05 UTC] PHP Warning:  Attempt to read property "description" on null in /home/buildit/appai.dev/themes/altum/views/index/index.php on line 119
[05-Aug-2024 00:30:05 UTC] PHP Warning:  Undefined property: stdClass::$romanian in /home/buildit/appai.dev/themes/altum/views/index/index.php on line 117
[05-Aug-2024 00:30:05 UTC] PHP Warning:  Attempt to read property "name" on null in /home/buildit/appai.dev/themes/altum/views/index/index.php on line 117
[05-Aug-2024 00:30:05 UTC] PHP Warning:  Undefined property: stdClass::$romanian in /home/buildit/appai.dev/themes/altum/views/index/index.php on line 119
[05-Aug-2024 00:30:05 UTC] PHP Warning:  Attempt to read property "description" on null in /home/buildit/appai.dev/themes/altum/views/index/index.php on line 119
[05-Aug-2024 00:30:05 UTC] PHP Warning:  Undefined property: stdClass::$romanian in /home/buildit/appai.dev/themes/altum/views/index/index.php on line 117
[05-Aug-2024 00:30:05 UTC] PHP Warning:  Attempt to read property "name" on null in /home/buildit/appai.dev/themes/altum/views/index/index.php on line 117
[05-Aug-2024 00:30:05 UTC] PHP Warning:  Undefined property: stdClass::$romanian in /home/buildit/appai.dev/themes/altum/views/index/index.php on line 119
[05-Aug-2024 00:30:05 UTC] PHP Warning:  Attempt to read property "description" on null in /home/buildit/appai.dev/themes/altum/views/index/index.php on line 119
[05-Aug-2024 00:30:05 UTC] PHP Warning:  Undefined property: stdClass::$romanian in /home/buildit/appai.dev/themes/altum/views/index/index.php on line 117
[05-Aug-2024 00:30:05 UTC] PHP Warning:  Attempt to read property "name" on null in /home/buildit/appai.dev/themes/altum/views/index/index.php on line 117
[05-Aug-2024 00:30:05 UTC] PHP Warning:  Undefined property: stdClass::$romanian in /home/buildit/appai.dev/themes/altum/views/index/index.php on line 119
[05-Aug-2024 00:30:05 UTC] PHP Warning:  Attempt to read property "description" on null in /home/buildit/appai.dev/themes/altum/views/index/index.php on line 119
[05-Aug-2024 00:30:05 UTC] PHP Warning:  Undefined property: stdClass::$romanian in /home/buildit/appai.dev/themes/altum/views/index/index.php on line 117
[05-Aug-2024 00:30:05 UTC] PHP Warning:  Attempt to read property "name" on null in /home/buildit/appai.dev/themes/altum/views/index/index.php on line 117
[05-Aug-2024 00:30:05 UTC] PHP Warning:  Undefined property: stdClass::$romanian in /home/buildit/appai.dev/themes/altum/views/index/index.php on line 119
[05-Aug-2024 00:30:05 UTC] PHP Warning:  Attempt to read property "description" on null in /home/buildit/appai.dev/themes/altum/views/index/index.php on line 119
[05-Aug-2024 00:30:05 UTC] PHP Warning:  Undefined property: stdClass::$romanian in /home/buildit/appai.dev/themes/altum/views/index/index.php on line 117
[05-Aug-2024 00:30:05 UTC] PHP Warning:  Attempt to read property "name" on null in /home/buildit/appai.dev/themes/altum/views/index/index.php on line 117
[05-Aug-2024 00:30:05 UTC] PHP Warning:  Undefined property: stdClass::$romanian in /home/buildit/appai.dev/themes/altum/views/index/index.php on line 119
[05-Aug-2024 00:30:05 UTC] PHP Warning:  Attempt to read property "description" on null in /home/buildit/appai.dev/themes/altum/views/index/index.php on line 119
[05-Aug-2024 00:30:05 UTC] PHP Warning:  Undefined property: stdClass::$romanian in /home/buildit/appai.dev/themes/altum/views/index/index.php on line 117
[05-Aug-2024 00:30:05 UTC] PHP Warning:  Attempt to read property "name" on null in /home/buildit/appai.dev/themes/altum/views/index/index.php on line 117
[05-Aug-2024 00:30:05 UTC] PHP Warning:  Undefined property: stdClass::$romanian in /home/buildit/appai.dev/themes/altum/views/index/index.php on line 119
[05-Aug-2024 00:30:05 UTC] PHP Warning:  Attempt to read property "description" on null in /home/buildit/appai.dev/themes/altum/views/index/index.php on line 119
[05-Aug-2024 00:30:05 UTC] PHP Warning:  Undefined property: stdClass::$romanian in /home/buildit/appai.dev/themes/altum/views/index/index.php on line 117
[05-Aug-2024 00:30:05 UTC] PHP Warning:  Attempt to read property "name" on null in /home/buildit/appai.dev/themes/altum/views/index/index.php on line 117
[05-Aug-2024 00:30:05 UTC] PHP Warning:  Undefined property: stdClass::$romanian in /home/buildit/appai.dev/themes/altum/views/index/index.php on line 119
[05-Aug-2024 00:30:05 UTC] PHP Warning:  Attempt to read property "description" on null in /home/buildit/appai.dev/themes/altum/views/index/index.php on line 119
[05-Aug-2024 00:30:05 UTC] PHP Warning:  Undefined property: stdClass::$romanian in /home/buildit/appai.dev/themes/altum/views/index/index.php on line 117
[05-Aug-2024 00:30:05 UTC] PHP Warning:  Attempt to read property "name" on null in /home/buildit/appai.dev/themes/altum/views/index/index.php on line 117
[05-Aug-2024 00:30:05 UTC] PHP Warning:  Undefined property: stdClass::$romanian in /home/buildit/appai.dev/themes/altum/views/index/index.php on line 119
[05-Aug-2024 00:30:05 UTC] PHP Warning:  Attempt to read property "description" on null in /home/buildit/appai.dev/themes/altum/views/index/index.php on line 119
[05-Aug-2024 00:30:05 UTC] PHP Warning:  Undefined property: stdClass::$romanian in /home/buildit/appai.dev/themes/altum/views/index/index.php on line 117
[05-Aug-2024 00:30:05 UTC] PHP Warning:  Attempt to read property "name" on null in /home/buildit/appai.dev/themes/altum/views/index/index.php on line 117
[05-Aug-2024 00:30:05 UTC] PHP Warning:  Undefined property: stdClass::$romanian in /home/buildit/appai.dev/themes/altum/views/index/index.php on line 119
[05-Aug-2024 00:30:05 UTC] PHP Warning:  Attempt to read property "description" on null in /home/buildit/appai.dev/themes/altum/views/index/index.php on line 119
[05-Aug-2024 00:30:05 UTC] PHP Warning:  Undefined property: stdClass::$romanian in /home/buildit/appai.dev/themes/altum/views/index/index.php on line 117
[05-Aug-2024 00:30:05 UTC] PHP Warning:  Attempt to read property "name" on null in /home/buildit/appai.dev/themes/altum/views/index/index.php on line 117
[05-Aug-2024 00:30:05 UTC] PHP Warning:  Undefined property: stdClass::$romanian in /home/buildit/appai.dev/themes/altum/views/index/index.php on line 119
[05-Aug-2024 00:30:05 UTC] PHP Warning:  Attempt to read property "description" on null in /home/buildit/appai.dev/themes/altum/views/index/index.php on line 119
[05-Aug-2024 00:30:05 UTC] PHP Warning:  Undefined property: stdClass::$romanian in /home/buildit/appai.dev/themes/altum/views/index/index.php on line 117
[05-Aug-2024 00:30:05 UTC] PHP Warning:  Attempt to read property "name" on null in /home/buildit/appai.dev/themes/altum/views/index/index.php on line 117
[05-Aug-2024 00:30:05 UTC] PHP Warning:  Undefined property: stdClass::$romanian in /home/buildit/appai.dev/themes/altum/views/index/index.php on line 119
[05-Aug-2024 00:30:05 UTC] PHP Warning:  Attempt to read property "description" on null in /home/buildit/appai.dev/themes/altum/views/index/index.php on line 119
[05-Aug-2024 00:30:05 UTC] PHP Warning:  Undefined property: stdClass::$romanian in /home/buildit/appai.dev/themes/altum/views/index/index.php on line 117
[05-Aug-2024 00:30:05 UTC] PHP Warning:  Attempt to read property "name" on null in /home/buildit/appai.dev/themes/altum/views/index/index.php on line 117
[05-Aug-2024 00:30:05 UTC] PHP Warning:  Undefined property: stdClass::$romanian in /home/buildit/appai.dev/themes/altum/views/index/index.php on line 119
[05-Aug-2024 00:30:05 UTC] PHP Warning:  Attempt to read property "description" on null in /home/buildit/appai.dev/themes/altum/views/index/index.php on line 119
[05-Aug-2024 00:30:05 UTC] PHP Warning:  Undefined property: stdClass::$romanian in /home/buildit/appai.dev/themes/altum/views/index/index.php on line 117
[05-Aug-2024 00:30:05 UTC] PHP Warning:  Attempt to read property "name" on null in /home/buildit/appai.dev/themes/altum/views/index/index.php on line 117
[05-Aug-2024 00:30:05 UTC] PHP Warning:  Undefined property: stdClass::$romanian in /home/buildit/appai.dev/themes/altum/views/index/index.php on line 119
[05-Aug-2024 00:30:05 UTC] PHP Warning:  Attempt to read property "description" on null in /home/buildit/appai.dev/themes/altum/views/index/index.php on line 119
[05-Aug-2024 05:34:12 UTC] PHP Warning:  Undefined array key "HTTP_USER_AGENT" in /home/buildit/appai.dev/app/core/Captcha.php on line 72
[05-Aug-2024 05:34:12 UTC] PHP Deprecated:  preg_match_all(): Passing null to parameter #2 ($subject) of type string is deprecated in /home/buildit/appai.dev/app/helpers/others.php on line 160
[05-Aug-2024 05:34:12 UTC] PHP Deprecated:  preg_match_all(): Passing null to parameter #2 ($subject) of type string is deprecated in /home/buildit/appai.dev/app/helpers/others.php on line 164
[05-Aug-2024 05:34:17 UTC] PHP Warning:  Undefined array key "HTTP_USER_AGENT" in /home/buildit/appai.dev/app/core/Captcha.php on line 72
[05-Aug-2024 05:34:17 UTC] PHP Deprecated:  preg_match_all(): Passing null to parameter #2 ($subject) of type string is deprecated in /home/buildit/appai.dev/app/helpers/others.php on line 160
[05-Aug-2024 05:34:17 UTC] PHP Deprecated:  preg_match_all(): Passing null to parameter #2 ($subject) of type string is deprecated in /home/buildit/appai.dev/app/helpers/others.php on line 164
[05-Aug-2024 05:34:31 UTC] PHP Warning:  Undefined array key "HTTP_USER_AGENT" in /home/buildit/appai.dev/app/core/Captcha.php on line 72
[05-Aug-2024 05:34:31 UTC] PHP Deprecated:  preg_match_all(): Passing null to parameter #2 ($subject) of type string is deprecated in /home/buildit/appai.dev/app/helpers/others.php on line 160
[05-Aug-2024 05:34:31 UTC] PHP Deprecated:  preg_match_all(): Passing null to parameter #2 ($subject) of type string is deprecated in /home/buildit/appai.dev/app/helpers/others.php on line 164
